-- The C compiler identification is GNU 11.4.0
-- The CXX compiler identification is GNU 11.4.0
-- Detecting C compiler ABI info
-- Detecting C compiler ABI info - done
-- Check for working C compiler: /usr/bin/cc - skipped
-- Detecting C compile features
-- Detecting C compile features - done
-- Detecting CXX compiler ABI info
-- Detecting CXX compiler ABI info - done
-- Check for working CXX compiler: /usr/bin/c++ - skipped
-- Detecting CXX compile features
-- Detecting CXX compile features - done
-- Found ament_cmake: 1.3.8 (/opt/ros/humble/share/ament_cmake/cmake)
-- Found Python3: /usr/bin/python3 (found version "3.10.12") found components: Interpreter 
-- Override CMake install command with custom implementation using symlinks instead of copying resources
-- Found rclcpp: 16.0.8 (/opt/ros/humble/share/rclcpp/cmake)
-- Found rosidl_generator_c: 3.1.5 (/opt/ros/humble/share/rosidl_generator_c/cmake)
-- Found rosidl_adapter: 3.1.5 (/opt/ros/humble/share/rosidl_adapter/cmake)
-- Found rosidl_generator_cpp: 3.1.5 (/opt/ros/humble/share/rosidl_generator_cpp/cmake)
-- Using all available rosidl_typesupport_c: rosidl_typesupport_fastrtps_c;rosidl_typesupport_introspection_c
-- Using all available rosidl_typesupport_cpp: rosidl_typesupport_fastrtps_cpp;rosidl_typesupport_introspection_cpp
-- Found rmw_implementation_cmake: 6.1.1 (/opt/ros/humble/share/rmw_implementation_cmake/cmake)
-- Found rmw_fastrtps_cpp: 6.2.6 (/opt/ros/humble/share/rmw_fastrtps_cpp/cmake)
-- Found OpenSSL: /usr/lib/x86_64-linux-gnu/libcrypto.so (found version "3.0.2")  
-- Found FastRTPS: /opt/ros/humble/include  
-- Using RMW implementation 'rmw_fastrtps_cpp' as default
-- Looking for pthread.h
-- Looking for pthread.h - found
-- Performing Test CMAKE_HAVE_LIBC_PTHREAD
-- Performing Test CMAKE_HAVE_LIBC_PTHREAD - Success
-- Found Threads: TRUE  
-- Found geometry_msgs: 4.2.3 (/opt/ros/humble/share/geometry_msgs/cmake)
-- Found turtlesim: 1.4.2 (/opt/ros/humble/share/turtlesim/cmake)
-- Found my_robot_interfaces: 0.0.0 (/home/barakooda/ros2_ws/install/my_robot_interfaces/share/my_robot_interfaces/cmake)
-- Configuring done
-- Generating done
-- Build files have been written to: /home/barakooda/ros2_ws/build/turtlesim_catch_them_all
[ 25%] [32mBuilding CXX object CMakeFiles/turtle_controller.dir/src/turtle_controller.cpp.o[0m
[ 50%] [32mBuilding CXX object CMakeFiles/turtle_spawner.dir/src/turtle_spawner.cpp.o[0m
[01m[K/home/barakooda/ros2_ws/src/turtlesim_catch_them_all/src/turtle_spawner.cpp:3:10:[m[K [01;35m[Kwarning: [m[Kmissing terminating " character
    3 | #include [01;35m[K"[m[Kmy_robot_interfaces/srv/
      |          [01;35m[K^[m[K
[01m[K/home/barakooda/ros2_ws/src/turtlesim_catch_them_all/src/turtle_spawner.cpp:3:10:[m[K [01;31m[Kerror: [m[K#include expects "FILENAME" or <FILENAME>
    3 | #include [01;31m[K"my_robot_interfaces/srv/[m[K
      |          [01;31m[K^~~~~~~~~~~~~~~~~~~~~~~~~[m[K
[01m[K/home/barakooda/ros2_ws/src/turtlesim_catch_them_all/src/turtle_spawner.cpp:46:42:[m[K [01;31m[Kerror: [m[Kâ€˜[01m[Ksrv[m[Kâ€™ is not a member of â€˜[01m[Kmy_robot_interfaces[m[Kâ€™
   46 |     rclcpp::Service<my_robot_interfaces::[01;31m[Ksrv[m[K::CatchedTurtle>::SharedPtr catched_turtle_service_;
      |                                          [01;31m[K^~~[m[K
[01m[K/home/barakooda/ros2_ws/src/turtlesim_catch_them_all/src/turtle_spawner.cpp:46:42:[m[K [01;36m[Knote: [m[Ksuggested alternatives:
In file included from [01m[K/opt/ros/humble/include/rcl_interfaces/rcl_interfaces/srv/describe_parameters.hpp:7[m[K,
                 from [01m[K/opt/ros/humble/include/rclcpp/rclcpp/parameter_client.hpp:28[m[K,
                 from [01m[K/opt/ros/humble/include/rclcpp/rclcpp/rclcpp.hpp:159[m[K,
                 from [01m[K/home/barakooda/ros2_ws/src/turtlesim_catch_them_all/src/turtle_spawner.cpp:1[m[K:
[01m[K/opt/ros/humble/include/rcl_interfaces/rcl_interfaces/srv/detail/describe_parameters__struct.hpp:27:11:[m[K [01;36m[Knote: [m[K  â€˜[01m[Krcl_interfaces::srv[m[Kâ€™
   27 | namespace [01;36m[Ksrv[m[K
      |           [01;36m[K^~~[m[K
In file included from [01m[K/opt/ros/humble/include/turtlesim/turtlesim/srv/spawn.hpp:7[m[K,
                 from [01m[K/home/barakooda/ros2_ws/src/turtlesim_catch_them_all/src/turtle_spawner.cpp:2[m[K:
[01m[K/opt/ros/humble/include/turtlesim/turtlesim/srv/detail/spawn__struct.hpp:27:11:[m[K [01;36m[Knote: [m[K  â€˜[01m[Kturtlesim::srv[m[Kâ€™
   27 | namespace [01;36m[Ksrv[m[K
      |           [01;36m[K^~~[m[K
[01m[K/home/barakooda/ros2_ws/src/turtlesim_catch_them_all/src/turtle_spawner.cpp:46:60:[m[K [01;31m[Kerror: [m[Ktemplate argument 1 is invalid
   46 |     rclcpp::Service<my_robot_interfaces::srv::CatchedTurtle[01;31m[K>[m[K::SharedPtr catched_turtle_service_;
      |                                                            [01;31m[K^[m[K
[01m[K/home/barakooda/ros2_ws/src/turtlesim_catch_them_all/src/turtle_spawner.cpp:46:63:[m[K [01;31m[Kerror: [m[Kexpected â€˜[01m[K;[m[Kâ€™ at end of member declaration
   46 |     rclcpp::Service<my_robot_interfaces::srv::CatchedTurtle>::[01;31m[KSharedPtr[m[K catched_turtle_service_;
      |                                                               [01;31m[K^~~~~~~~~[m[K
      |                                                                        [32m[K;[m[K
[01m[K/home/barakooda/ros2_ws/src/turtlesim_catch_them_all/src/turtle_spawner.cpp:46:73:[m[K [01;31m[Kerror: [m[Kâ€˜[01m[Kcatched_turtle_service_[m[Kâ€™ does not name a type
   46 |     rclcpp::Service<my_robot_interfaces::srv::CatchedTurtle>::SharedPtr [01;31m[Kcatched_turtle_service_[m[K;
      |                                                                         [01;31m[K^~~~~~~~~~~~~~~~~~~~~~~[m[K
[01m[K/home/barakooda/ros2_ws/src/turtlesim_catch_them_all/src/turtle_spawner.cpp:92:67:[m[K [01;31m[Kerror: [m[Kâ€˜[01m[Ksrv[m[Kâ€™ is not a member of â€˜[01m[Kmy_robot_interfaces[m[Kâ€™
   92 |     void catchedTurtle(const std::shared_ptr<my_robot_interfaces::[01;31m[Ksrv[m[K::CatchedTurtle::Request> request,
      |                                                                   [01;31m[K^~~[m[K
[01m[K/home/barakooda/ros2_ws/src/turtlesim_catch_them_all/src/turtle_spawner.cpp:92:67:[m[K [01;36m[Knote: [m[Ksuggested alternatives:
In file included from [01m[K/opt/ros/humble/include/rcl_interfaces/rcl_interfaces/srv/describe_parameters.hpp:7[m[K,
                 from [01m[K/opt/ros/humble/include/rclcpp/rclcpp/parameter_client.hpp:28[m[K,
                 from [01m[K/opt/ros/humble/include/rclcpp/rclcpp/rclcpp.hpp:159[m[K,
                 from [01m[K/home/barakooda/ros2_ws/src/turtlesim_catch_them_all/src/turtle_spawner.cpp:1[m[K:
[01m[K/opt/ros/humble/include/rcl_interfaces/rcl_interfaces/srv/detail/describe_parameters__struct.hpp:27:11:[m[K [01;36m[Knote: [m[K  â€˜[01m[Krcl_interfaces::srv[m[Kâ€™
   27 | namespace [01;36m[Ksrv[m[K
      |           [01;36m[K^~~[m[K
In file included from [01m[K/opt/ros/humble/include/turtlesim/turtlesim/srv/spawn.hpp:7[m[K,
                 from [01m[K/home/barakooda/ros2_ws/src/turtlesim_catch_them_all/src/turtle_spawner.cpp:2[m[K:
[01m[K/opt/ros/humble/include/turtlesim/turtlesim/srv/detail/spawn__struct.hpp:27:11:[m[K [01;36m[Knote: [m[K  â€˜[01m[Kturtlesim::srv[m[Kâ€™
   27 | namespace [01;36m[Ksrv[m[K
      |           [01;36m[K^~~[m[K
[01m[K/home/barakooda/ros2_ws/src/turtlesim_catch_them_all/src/turtle_spawner.cpp:92:94:[m[K [01;31m[Kerror: [m[Ktemplate argument 1 is invalid
   92 |     void catchedTurtle(const std::shared_ptr<my_robot_interfaces::srv::CatchedTurtle::Request[01;31m[K>[m[K request,
      |                                                                                              [01;31m[K^[m[K
[01m[K/home/barakooda/ros2_ws/src/turtlesim_catch_them_all/src/turtle_spawner.cpp:92:67:[m[K [01;31m[Kerror: [m[Kâ€˜[01m[Ksrv[m[Kâ€™ is not a member of â€˜[01m[Kmy_robot_interfaces[m[Kâ€™
   92 |     void catchedTurtle(const std::shared_ptr<my_robot_interfaces::[01;31m[Ksrv[m[K::CatchedTurtle::Request> request,
      |                                                                   [01;31m[K^~~[m[K
[01m[K/home/barakooda/ros2_ws/src/turtlesim_catch_them_all/src/turtle_spawner.cpp:92:67:[m[K [01;36m[Knote: [m[Ksuggested alternatives:
In file included from [01m[K/opt/ros/humble/include/rcl_interfaces/rcl_interfaces/srv/describe_parameters.hpp:7[m[K,
                 from [01m[K/opt/ros/humble/include/rclcpp/rclcpp/parameter_client.hpp:28[m[K,
                 from [01m[K/opt/ros/humble/include/rclcpp/rclcpp/rclcpp.hpp:159[m[K,
                 from [01m[K/home/barakooda/ros2_ws/src/turtlesim_catch_them_all/src/turtle_spawner.cpp:1[m[K:
[01m[K/opt/ros/humble/include/rcl_interfaces/rcl_interfaces/srv/detail/describe_parameters__struct.hpp:27:11:[m[K [01;36m[Knote: [m[K  â€˜[01m[Krcl_interfaces::srv[m[Kâ€™
   27 | namespace [01;36m[Ksrv[m[K
      |           [01;36m[K^~~[m[K
In file included from [01m[K/opt/ros/humble/include/turtlesim/turtlesim/srv/spawn.hpp:7[m[K,
                 from [01m[K/home/barakooda/ros2_ws/src/turtlesim_catch_them_all/src/turtle_spawner.cpp:2[m[K:
[01m[K/opt/ros/humble/include/turtlesim/turtlesim/srv/detail/spawn__struct.hpp:27:11:[m[K [01;36m[Knote: [m[K  â€˜[01m[Kturtlesim::srv[m[Kâ€™
   27 | namespace [01;36m[Ksrv[m[K
      |           [01;36m[K^~~[m[K
[01m[K/home/barakooda/ros2_ws/src/turtlesim_catch_them_all/src/turtle_spawner.cpp:92:94:[m[K [01;31m[Kerror: [m[Ktemplate argument 1 is invalid
   92 |     void catchedTurtle(const std::shared_ptr<my_robot_interfaces::srv::CatchedTurtle::Request[01;31m[K>[m[K request,
      |                                                                                              [01;31m[K^[m[K
[01m[K/home/barakooda/ros2_ws/src/turtlesim_catch_them_all/src/turtle_spawner.cpp:92:67:[m[K [01;31m[Kerror: [m[Kâ€˜[01m[Ksrv[m[Kâ€™ is not a member of â€˜[01m[Kmy_robot_interfaces[m[Kâ€™
   92 |     void catchedTurtle(const std::shared_ptr<my_robot_interfaces::[01;31m[Ksrv[m[K::CatchedTurtle::Request> request,
      |                                                                   [01;31m[K^~~[m[K
[01m[K/home/barakooda/ros2_ws/src/turtlesim_catch_them_all/src/turtle_spawner.cpp:92:67:[m[K [01;36m[Knote: [m[Ksuggested alternatives:
In file included from [01m[K/opt/ros/humble/include/rcl_interfaces/rcl_interfaces/srv/describe_parameters.hpp:7[m[K,
                 from [01m[K/opt/ros/humble/include/rclcpp/rclcpp/parameter_client.hpp:28[m[K,
                 from [01m[K/opt/ros/humble/include/rclcpp/rclcpp/rclcpp.hpp:159[m[K,
                 from [01m[K/home/barakooda/ros2_ws/src/turtlesim_catch_them_all/src/turtle_spawner.cpp:1[m[K:
[01m[K/opt/ros/humble/include/rcl_interfaces/rcl_interfaces/srv/detail/describe_parameters__struct.hpp:27:11:[m[K [01;36m[Knote: [m[K  â€˜[01m[Krcl_interfaces::srv[m[Kâ€™
   27 | namespace [01;36m[Ksrv[m[K
      |           [01;36m[K^~~[m[K
In file included from [01m[K/opt/ros/humble/include/turtlesim/turtlesim/srv/spawn.hpp:7[m[K,
                 from [01m[K/home/barakooda/ros2_ws/src/turtlesim_catch_them_all/src/turtle_spawner.cpp:2[m[K:
[01m[K/opt/ros/humble/include/turtlesim/turtlesim/srv/detail/spawn__struct.hpp:27:11:[m[K [01;36m[Knote: [m[K  â€˜[01m[Kturtlesim::srv[m[Kâ€™
   27 | namespace [01;36m[Ksrv[m[K
      |           [01;36m[K^~~[m[K
[01m[K/home/barakooda/ros2_ws/src/turtlesim_catch_them_all/src/turtle_spawner.cpp:92:94:[m[K [01;31m[Kerror: [m[Ktemplate argument 1 is invalid
   92 |     void catchedTurtle(const std::shared_ptr<my_robot_interfaces::srv::CatchedTurtle::Request[01;31m[K>[m[K request,
      |                                                                                              [01;31m[K^[m[K
[01m[K/home/barakooda/ros2_ws/src/turtlesim_catch_them_all/src/turtle_spawner.cpp:92:30:[m[K [01;31m[Kerror: [m[Kinvalid template-id
   92 |     void catchedTurtle(const [01;31m[Kstd[m[K::shared_ptr<my_robot_interfaces::srv::CatchedTurtle::Request> request,
      |                              [01;31m[K^~~[m[K
[01m[K/home/barakooda/ros2_ws/src/turtlesim_catch_them_all/src/turtle_spawner.cpp:92:67:[m[K [01;31m[Kerror: [m[Kâ€˜[01m[Kmy_robot_interfaces::srv[m[Kâ€™ has not been declared
   92 |     void catchedTurtle(const std::shared_ptr<my_robot_interfaces::[01;31m[Ksrv[m[K::CatchedTurtle::Request> request,
      |                                                                   [01;31m[K^~~[m[K
[01m[K/home/barakooda/ros2_ws/src/turtlesim_catch_them_all/src/turtle_spawner.cpp:92:24:[m[K [01;31m[Kerror: [m[Kclass template placeholder â€˜[01m[Kstd::shared_ptr[m[Kâ€™ not permitted in this context
   92 |     void catchedTurtle([01;31m[Kconst[m[K std::shared_ptr<my_robot_interfaces::srv::CatchedTurtle::Request> request,
      |                        [01;31m[K^~~~~[m[K
[01m[K/home/barakooda/ros2_ws/src/turtlesim_catch_them_all/src/turtle_spawner.cpp:93:62:[m[K [01;31m[Kerror: [m[Kâ€˜[01m[Ksrv[m[Kâ€™ is not a member of â€˜[01m[Kmy_robot_interfaces[m[Kâ€™
   93 |                         std::shared_ptr<my_robot_interfaces::[01;31m[Ksrv[m[K::CatchedTurtle::Response> response)
      |                                                              [01;31m[K^~~[m[K
[01m[K/home/barakooda/ros2_ws/src/turtlesim_catch_them_all/src/turtle_spawner.cpp:93:62:[m[K [01;36m[Knote: [m[Ksuggested alternatives:
In file included from [01m[K/opt/ros/humble/include/rcl_interfaces/rcl_interfaces/srv/describe_parameters.hpp:7[m[K,
                 from [01m[K/opt/ros/humble/include/rclcpp/rclcpp/parameter_client.hpp:28[m[K,
                 from [01m[K/opt/ros/humble/include/rclcpp/rclcpp/rclcpp.hpp:159[m[K,
                 from [01m[K/home/barakooda/ros2_ws/src/turtlesim_catch_them_all/src/turtle_spawner.cpp:1[m[K:
[01m[K/opt/ros/humble/include/rcl_interfaces/rcl_interfaces/srv/detail/describe_parameters__struct.hpp:27:11:[m[K [01;36m[Knote: [m[K  â€˜[01m[Krcl_interfaces::srv[m[Kâ€™
   27 | namespace [01;36m[Ksrv[m[K
      |           [01;36m[K^~~[m[K
In file included from [01m[K/opt/ros/humble/include/turtlesim/turtlesim/srv/spawn.hpp:7[m[K,
                 from [01m[K/home/barakooda/ros2_ws/src/turtlesim_catch_them_all/src/turtle_spawner.cpp:2[m[K:
[01m[K/opt/ros/humble/include/turtlesim/turtlesim/srv/detail/spawn__struct.hpp:27:11:[m[K [01;36m[Knote: [m[K  â€˜[01m[Kturtlesim::srv[m[Kâ€™
   27 | namespace [01;36m[Ksrv[m[K
      |           [01;36m[K^~~[m[K
[01m[K/home/barakooda/ros2_ws/src/turtlesim_catch_them_all/src/turtle_spawner.cpp:93:90:[m[K [01;31m[Kerror: [m[Ktemplate argument 1 is invalid
   93 |                         std::shared_ptr<my_robot_interfaces::srv::CatchedTurtle::Response[01;31m[K>[m[K response)
      |                                                                                          [01;31m[K^[m[K
[01m[K/home/barakooda/ros2_ws/src/turtlesim_catch_them_all/src/turtle_spawner.cpp:93:62:[m[K [01;31m[Kerror: [m[Kâ€˜[01m[Ksrv[m[Kâ€™ is not a member of â€˜[01m[Kmy_robot_interfaces[m[Kâ€™
   93 |                         std::shared_ptr<my_robot_interfaces::[01;31m[Ksrv[m[K::CatchedTurtle::Response> response)
      |                                                              [01;31m[K^~~[m[K
[01m[K/home/barakooda/ros2_ws/src/turtlesim_catch_them_all/src/turtle_spawner.cpp:93:62:[m[K [01;36m[Knote: [m[Ksuggested alternatives:
In file included from [01m[K/opt/ros/humble/include/rcl_interfaces/rcl_interfaces/srv/describe_parameters.hpp:7[m[K,
                 from [01m[K/opt/ros/humble/include/rclcpp/rclcpp/parameter_client.hpp:28[m[K,
                 from [01m[K/opt/ros/humble/include/rclcpp/rclcpp/rclcpp.hpp:159[m[K,
                 from [01m[K/home/barakooda/ros2_ws/src/turtlesim_catch_them_all/src/turtle_spawner.cpp:1[m[K:
[01m[K/opt/ros/humble/include/rcl_interfaces/rcl_interfaces/srv/detail/describe_parameters__struct.hpp:27:11:[m[K [01;36m[Knote: [m[K  â€˜[01m[Krcl_interfaces::srv[m[Kâ€™
   27 | namespace [01;36m[Ksrv[m[K
      |           [01;36m[K^~~[m[K
In file included from [01m[K/opt/ros/humble/include/turtlesim/turtlesim/srv/spawn.hpp:7[m[K,
                 from [01m[K/home/barakooda/ros2_ws/src/turtlesim_catch_them_all/src/turtle_spawner.cpp:2[m[K:
[01m[K/opt/ros/humble/include/turtlesim/turtlesim/srv/detail/spawn__struct.hpp:27:11:[m[K [01;36m[Knote: [m[K  â€˜[01m[Kturtlesim::srv[m[Kâ€™
   27 | namespace [01;36m[Ksrv[m[K
      |           [01;36m[K^~~[m[K
[01m[K/home/barakooda/ros2_ws/src/turtlesim_catch_them_all/src/turtle_spawner.cpp:93:90:[m[K [01;31m[Kerror: [m[Ktemplate argument 1 is invalid
   93 |                         std::shared_ptr<my_robot_interfaces::srv::CatchedTurtle::Response[01;31m[K>[m[K response)
      |                                                                                          [01;31m[K^[m[K
[01m[K/home/barakooda/ros2_ws/src/turtlesim_catch_them_all/src/turtle_spawner.cpp:93:62:[m[K [01;31m[Kerror: [m[Kâ€˜[01m[Ksrv[m[Kâ€™ is not a member of â€˜[01m[Kmy_robot_interfaces[m[Kâ€™
   93 |                         std::shared_ptr<my_robot_interfaces::[01;31m[Ksrv[m[K::CatchedTurtle::Response> response)
      |                                                              [01;31m[K^~~[m[K
[01m[K/home/barakooda/ros2_ws/src/turtlesim_catch_them_all/src/turtle_spawner.cpp:93:62:[m[K [01;36m[Knote: [m[Ksuggested alternatives:
In file included from [01m[K/opt/ros/humble/include/rcl_interfaces/rcl_interfaces/srv/describe_parameters.hpp:7[m[K,
                 from [01m[K/opt/ros/humble/include/rclcpp/rclcpp/parameter_client.hpp:28[m[K,
                 from [01m[K/opt/ros/humble/include/rclcpp/rclcpp/rclcpp.hpp:159[m[K,
                 from [01m[K/home/barakooda/ros2_ws/src/turtlesim_catch_them_all/src/turtle_spawner.cpp:1[m[K:
[01m[K/opt/ros/humble/include/rcl_interfaces/rcl_interfaces/srv/detail/describe_parameters__struct.hpp:27:11:[m[K [01;36m[Knote: [m[K  â€˜[01m[Krcl_interfaces::srv[m[Kâ€™
   27 | namespace [01;36m[Ksrv[m[K
      |           [01;36m[K^~~[m[K
In file included from [01m[K/opt/ros/humble/include/turtlesim/turtlesim/srv/spawn.hpp:7[m[K,
                 from [01m[K/home/barakooda/ros2_ws/src/turtlesim_catch_them_all/src/turtle_spawner.cpp:2[m[K:
[01m[K/opt/ros/humble/include/turtlesim/turtlesim/srv/detail/spawn__struct.hpp:27:11:[m[K [01;36m[Knote: [m[K  â€˜[01m[Kturtlesim::srv[m[Kâ€™
   27 | namespace [01;36m[Ksrv[m[K
      |           [01;36m[K^~~[m[K
[01m[K/home/barakooda/ros2_ws/src/turtlesim_catch_them_all/src/turtle_spawner.cpp:93:90:[m[K [01;31m[Kerror: [m[Ktemplate argument 1 is invalid
   93 |                         std::shared_ptr<my_robot_interfaces::srv::CatchedTurtle::Response[01;31m[K>[m[K response)
      |                                                                                          [01;31m[K^[m[K
[01m[K/home/barakooda/ros2_ws/src/turtlesim_catch_them_all/src/turtle_spawner.cpp:93:25:[m[K [01;31m[Kerror: [m[Kinvalid template-id
   93 |                         [01;31m[Kstd[m[K::shared_ptr<my_robot_interfaces::srv::CatchedTurtle::Response> response)
      |                         [01;31m[K^~~[m[K
[01m[K/home/barakooda/ros2_ws/src/turtlesim_catch_them_all/src/turtle_spawner.cpp:93:62:[m[K [01;31m[Kerror: [m[Kâ€˜[01m[Kmy_robot_interfaces::srv[m[Kâ€™ has not been declared
   93 |                         std::shared_ptr<my_robot_interfaces::[01;31m[Ksrv[m[K::CatchedTurtle::Response> response)
      |                                                              [01;31m[K^~~[m[K
[01m[K/home/barakooda/ros2_ws/src/turtlesim_catch_them_all/src/turtle_spawner.cpp:93:25:[m[K [01;31m[Kerror: [m[Kclass template placeholder â€˜[01m[Kstd::shared_ptr[m[Kâ€™ not permitted in this context
   93 |                         [01;31m[Kstd[m[K::shared_ptr<my_robot_interfaces::srv::CatchedTurtle::Response> response)
      |                         [01;31m[K^~~[m[K
[01m[K/home/barakooda/ros2_ws/src/turtlesim_catch_them_all/src/turtle_spawner.cpp:[m[K In constructor â€˜[01m[KTurtleSpawner::TurtleSpawner()[m[Kâ€™:
[01m[K/home/barakooda/ros2_ws/src/turtlesim_catch_them_all/src/turtle_spawner.cpp:27:9:[m[K [01;31m[Kerror: [m[Kâ€˜[01m[Kcatched_turtle_service_[m[Kâ€™ was not declared in this scope
   27 |         [01;31m[Kcatched_turtle_service_[m[K = this->create_service<my_robot_interfaces::srv::CatchedTurtle>("catched_turtle", std::bind(&TurtleSpawner::catchedTurtle, this, std::placeholders::_1, std::placeholders::_2));
      |         [01;31m[K^~~~~~~~~~~~~~~~~~~~~~~[m[K
[01m[K/home/barakooda/ros2_ws/src/turtlesim_catch_them_all/src/turtle_spawner.cpp:27:77:[m[K [01;31m[Kerror: [m[Kâ€˜[01m[Ksrv[m[Kâ€™ is not a member of â€˜[01m[Kmy_robot_interfaces[m[Kâ€™
   27 |         catched_turtle_service_ = this->create_service<my_robot_interfaces::[01;31m[Ksrv[m[K::CatchedTurtle>("catched_turtle", std::bind(&TurtleSpawner::catchedTurtle, this, std::placeholders::_1, std::placeholders::_2));
      |                                                                             [01;31m[K^~~[m[K
[01m[K/home/barakooda/ros2_ws/src/turtlesim_catch_them_all/src/turtle_spawner.cpp:27:77:[m[K [01;36m[Knote: [m[Ksuggested alternatives:
In file included from [01m[K/opt/ros/humble/include/rcl_interfaces/rcl_interfaces/srv/describe_parameters.hpp:7[m[K,
                 from [01m[K/opt/ros/humble/include/rclcpp/rclcpp/parameter_client.hpp:28[m[K,
                 from [01m[K/opt/ros/humble/include/rclcpp/rclcpp/rclcpp.hpp:159[m[K,
                 from [01m[K/home/barakooda/ros2_ws/src/turtlesim_catch_them_all/src/turtle_spawner.cpp:1[m[K:
[01m[K/opt/ros/humble/include/rcl_interfaces/rcl_interfaces/srv/detail/describe_parameters__struct.hpp:27:11:[m[K [01;36m[Knote: [m[K  â€˜[01m[Krcl_interfaces::srv[m[Kâ€™
   27 | namespace [01;36m[Ksrv[m[K
      |           [01;36m[K^~~[m[K
In file included from [01m[K/opt/ros/humble/include/turtlesim/turtlesim/srv/spawn.hpp:7[m[K,
                 from [01m[K/home/barakooda/ros2_ws/src/turtlesim_catch_them_all/src/turtle_spawner.cpp:2[m[K:
[01m[K/opt/ros/humble/include/turtlesim/turtlesim/srv/detail/spawn__struct.hpp:27:11:[m[K [01;36m[Knote: [m[K  â€˜[01m[Kturtlesim::srv[m[Kâ€™
   27 | namespace [01;36m[Ksrv[m[K
      |           [01;36m[K^~~[m[K
[01m[K/home/barakooda/ros2_ws/src/turtlesim_catch_them_all/src/turtle_spawner.cpp:27:41:[m[K [01;31m[Kerror: [m[Kparse error in template argument list
   27 |         catched_turtle_service_ = this->[01;31m[Kcreate_service<my_robot_interfaces::srv::CatchedTurtle>[m[K("catched_turtle", std::bind(&TurtleSpawner::catchedTurtle, this, std::placeholders::_1, std::placeholders::_2));
      |                                         [01;31m[K^~~~~~~~~~~~~~~~~~~~~~~~~~~~~~~~~~~~~~~~~~~~~~~~~~~~~~~[m[K
[01m[K/home/barakooda/ros2_ws/src/turtlesim_catch_them_all/src/turtle_spawner.cpp:27:96:[m[K [01;31m[Kerror: [m[Kno matching function for call to â€˜[01m[KTurtleSpawner::create_service<<expression error> >(const char [15], std::_Bind_helper<false, void (TurtleSpawner::*)(...), TurtleSpawner*, const std::_Placeholder<1>&, const std::_Placeholder<2>&>::type)[m[Kâ€™
   27 |         catched_turtle_service_ = [01;31m[Kthis->create_service<my_robot_interfaces::srv::CatchedTurtle>("catched_turtle", std::bind(&TurtleSpawner::catchedTurtle, this, std::placeholders::_1, std::placeholders::_2))[m[K;
      |                                   [01;31m[K~~~~~~~~~~~~~~~~~~~~~~~~~~~~~~~~~~~~~~~~~~~~~~~~~~~~~~~~~~~~~^~~~~~~~~~~~~~~~~~~~~~~~~~~~~~~~~~~~~~~~~~~~~~~~~~~~~~~~~~~~~~~~~~~~~~~~~~~~~~~~~~~~~~~~~~~~~~~~~~~~~~~~~~~~~~~~[m[K
In file included from [01m[K/opt/ros/humble/include/rclcpp/rclcpp/executors/single_threaded_executor.hpp:28[m[K,
                 from [01m[K/opt/ros/humble/include/rclcpp/rclcpp/executors.hpp:22[m[K,
                 from [01m[K/opt/ros/humble/include/rclcpp/rclcpp/rclcpp.hpp:155[m[K,
                 from [01m[K/home/barakooda/ros2_ws/src/turtlesim_catch_them_all/src/turtle_spawner.cpp:1[m[K:
[01m[K/opt/ros/humble/include/rclcpp/rclcpp/node.hpp:267:3:[m[K [01;36m[Knote: [m[Kcandidate: â€˜[01m[Ktemplate<class ServiceT, class CallbackT> typename rclcpp::Service<ServiceT>::SharedPtr rclcpp::Node::create_service(const string&, CallbackT&&, const rmw_qos_profile_t&, rclcpp::CallbackGroup::SharedPtr)[m[Kâ€™
  267 |   [01;36m[Kcreate_service[m[K(
      |   [01;36m[K^~~~~~~~~~~~~~[m[K
[01m[K/opt/ros/humble/include/rclcpp/rclcpp/node.hpp:267:3:[m[K [01;36m[Knote: [m[K  template argument deduction/substitution failed:
[01m[K/home/barakooda/ros2_ws/src/turtlesim_catch_them_all/src/turtle_spawner.cpp:27:96:[m[K [01;31m[Kerror: [m[Ktemplate argument 1 is invalid
   27 |         catched_turtle_service_ = [01;31m[Kthis->create_service<my_robot_interfaces::srv::CatchedTurtle>("catched_turtle", std::bind(&TurtleSpawner::catchedTurtle, this, std::placeholders::_1, std::placeholders::_2))[m[K;
      |                                   [01;31m[K~~~~~~~~~~~~~~~~~~~~~~~~~~~~~~~~~~~~~~~~~~~~~~~~~~~~~~~~~~~~~^~~~~~~~~~~~~~~~~~~~~~~~~~~~~~~~~~~~~~~~~~~~~~~~~~~~~~~~~~~~~~~~~~~~~~~~~~~~~~~~~~~~~~~~~~~~~~~~~~~~~~~~~~~~~~~~[m[K
[01m[K/home/barakooda/ros2_ws/src/turtlesim_catch_them_all/src/turtle_spawner.cpp:[m[K In member function â€˜[01m[Kvoid TurtleSpawner::catchedTurtle(...)[m[Kâ€™:
[01m[K/home/barakooda/ros2_ws/src/turtlesim_catch_them_all/src/turtle_spawner.cpp:95:33:[m[K [01;31m[Kerror: [m[Kbase operand of â€˜[01m[K->[m[Kâ€™ has non-pointer type â€˜[01m[Kturtlesim::srv::Spawn::Request[m[Kâ€™ {aka â€˜[01m[Kturtlesim::srv::Spawn_Request_<std::allocator<void> >[m[Kâ€™}
   95 |         if (turtles.find(request[01;31m[K->[m[Kname) != turtles.end())
      |                                 [01;31m[K^~[m[K
[01m[K/home/barakooda/ros2_ws/src/turtlesim_catch_them_all/src/turtle_spawner.cpp:97:34:[m[K [01;31m[Kerror: [m[Kbase operand of â€˜[01m[K->[m[Kâ€™ has non-pointer type â€˜[01m[Kturtlesim::srv::Spawn::Request[m[Kâ€™ {aka â€˜[01m[Kturtlesim::srv::Spawn_Request_<std::allocator<void> >[m[Kâ€™}
   97 |             turtles.erase(request[01;31m[K->[m[Kname);
      |                                  [01;31m[K^~[m[K
[01m[K/home/barakooda/ros2_ws/src/turtlesim_catch_them_all/src/turtle_spawner.cpp:98:13:[m[K [01;31m[Kerror: [m[Kâ€˜[01m[Kresponse[m[Kâ€™ was not declared in this scope
   98 |             [01;31m[Kresponse[m[K->success = true;
      |             [01;31m[K^~~~~~~~[m[K
[01m[K/home/barakooda/ros2_ws/src/turtlesim_catch_them_all/src/turtle_spawner.cpp:102:13:[m[K [01;31m[Kerror: [m[Kâ€˜[01m[Kresponse[m[Kâ€™ was not declared in this scope
  102 |             [01;31m[Kresponse[m[K->success = false;
      |             [01;31m[K^~~~~~~~[m[K
gmake[2]: *** [CMakeFiles/turtle_spawner.dir/build.make:76: CMakeFiles/turtle_spawner.dir/src/turtle_spawner.cpp.o] Error 1
gmake[1]: *** [CMakeFiles/Makefile2:165: CMakeFiles/turtle_spawner.dir/all] Error 2
gmake[1]: *** Waiting for unfinished jobs....
[ 75%] [32m[1mLinking CXX executable turtle_controller[0m
[ 75%] Built target turtle_controller
gmake: *** [Makefile:146: all] Error 2
