[01m[K/home/barakooda/ros2_ws/src/turtlesim_catch_them_all/src/turtle_controller.cpp:[m[K In constructor â€˜[01m[KTurtleController::TurtleController()[m[Kâ€™:
[01m[K/home/barakooda/ros2_ws/src/turtlesim_catch_them_all/src/turtle_controller.cpp:16:99:[m[K [01;31m[Kerror: [m[Kâ€˜[01m[KmoveTurtle[m[Kâ€™ is not a member of â€˜[01m[KTurtleController[m[Kâ€™
   16 | l_timer(std::chrono::milliseconds(100), std::bind(&TurtleController::[01;31m[KmoveTurtle[m[K, this));
      |                                                                      [01;31m[K^~~~~~~~~~[m[K

gmake[2]: *** [CMakeFiles/turtle_controller.dir/build.make:76: CMakeFiles/turtle_controller.dir/src/turtle_controller.cpp.o] Error 1
gmake[1]: *** [CMakeFiles/Makefile2:137: CMakeFiles/turtle_controller.dir/all] Error 2
gmake: *** [Makefile:146: all] Error 2
