[0.023s] Invoking command in '/home/barakooda/ros2_ws/build/turtlesim_catch_them_all': CMAKE_PREFIX_PATH=${CMAKE_PREFIX_PATH}:/home/barakooda/ros2_ws/install/my_py_pkg:/opt/ros/humble /usr/bin/cmake --build /home/barakooda/ros2_ws/build/turtlesim_catch_them_all -- -j6 -l6
[0.042s] -- Found ament_cmake: 1.3.8 (/opt/ros/humble/share/ament_cmake/cmake)
[0.152s] -- Found rclcpp: 16.0.8 (/opt/ros/humble/share/rclcpp/cmake)
[0.172s] -- Found rosidl_generator_c: 3.1.5 (/opt/ros/humble/share/rosidl_generator_c/cmake)
[0.174s] -- Found rosidl_adapter: 3.1.5 (/opt/ros/humble/share/rosidl_adapter/cmake)
[0.178s] -- Found rosidl_generator_cpp: 3.1.5 (/opt/ros/humble/share/rosidl_generator_cpp/cmake)
[0.186s] -- Using all available rosidl_typesupport_c: rosidl_typesupport_fastrtps_c;rosidl_typesupport_introspection_c
[0.197s] -- Using all available rosidl_typesupport_cpp: rosidl_typesupport_fastrtps_cpp;rosidl_typesupport_introspection_cpp
[0.238s] -- Found rmw_implementation_cmake: 6.1.1 (/opt/ros/humble/share/rmw_implementation_cmake/cmake)
[0.239s] -- Found rmw_fastrtps_cpp: 6.2.6 (/opt/ros/humble/share/rmw_fastrtps_cpp/cmake)
[0.331s] -- Using RMW implementation 'rmw_fastrtps_cpp' as default
[0.469s] -- Found geometry_msgs: 4.2.3 (/opt/ros/humble/share/geometry_msgs/cmake)
[0.501s] -- Found turtlesim: 1.4.2 (/opt/ros/humble/share/turtlesim/cmake)
[0.649s] -- Configuring done
[0.658s] -- Generating done
[0.665s] -- Build files have been written to: /home/barakooda/ros2_ws/build/turtlesim_catch_them_all
[0.705s] [35m[1mConsolidate compiler generated dependencies of target turtle_controller[0m
[0.723s] [ 50%] [32mBuilding CXX object CMakeFiles/turtle_controller.dir/src/turtle_controller.cpp.o[0m
[2.732s] [01m[K/home/barakooda/ros2_ws/src/turtlesim_catch_them_all/src/turtle_controller.cpp:[m[K In constructor â€˜[01m[KTurtleController::TurtleController()[m[Kâ€™:
[2.732s] [01m[K/home/barakooda/ros2_ws/src/turtlesim_catch_them_all/src/turtle_controller.cpp:16:99:[m[K [01;31m[Kerror: [m[Kâ€˜[01m[KmoveTurtle[m[Kâ€™ is not a member of â€˜[01m[KTurtleController[m[Kâ€™
[2.732s]    16 | l_timer(std::chrono::milliseconds(100), std::bind(&TurtleController::[01;31m[KmoveTurtle[m[K, this));
[2.732s]       |                                                                      [01;31m[K^~~~~~~~~~[m[K
[2.732s] 
[4.886s] gmake[2]: *** [CMakeFiles/turtle_controller.dir/build.make:76: CMakeFiles/turtle_controller.dir/src/turtle_controller.cpp.o] Error 1
[4.886s] gmake[1]: *** [CMakeFiles/Makefile2:137: CMakeFiles/turtle_controller.dir/all] Error 2
[4.886s] gmake: *** [Makefile:146: all] Error 2
[4.889s] Invoked command in '/home/barakooda/ros2_ws/build/turtlesim_catch_them_all' returned '2': CMAKE_PREFIX_PATH=${CMAKE_PREFIX_PATH}:/home/barakooda/ros2_ws/install/my_py_pkg:/opt/ros/humble /usr/bin/cmake --build /home/barakooda/ros2_ws/build/turtlesim_catch_them_all -- -j6 -l6
