[0.048s] Invoking command in '/home/barakooda/ros2_ws/build/my_cpp_pkg': CMAKE_PREFIX_PATH=${CMAKE_PREFIX_PATH}:/home/barakooda/ros2_ws/install/my_py_pkg:/opt/ros/humble /usr/bin/cmake --build /home/barakooda/ros2_ws/build/my_cpp_pkg -- -j8 -l8
[0.100s] [35m[1mConsolidate compiler generated dependencies of target number_publisher[0m
[0.115s] [ 50%] Built target smartphone
[0.116s] [ 50%] Built target robot_news_station
[0.116s] [ 75%] Built target cpp_node
[0.122s] [ 87%] [32mBuilding CXX object CMakeFiles/number_publisher.dir/src/number_publisher.cpp.o[0m
[2.039s] [01m[K/home/barakooda/ros2_ws/src/my_cpp_pkg/src/number_publisher.cpp:22:5:[m[K [01;31m[Kerror: [m[Knon-static data member declared with placeholder â€˜[01m[Kauto[m[Kâ€™
[2.039s]    22 |     [01;31m[Kauto[m[K message_ = example_interfaces::msg::Int64();
[2.039s]       |     [01;31m[K^~~~[m[K
[2.040s] [01m[K/home/barakooda/ros2_ws/src/my_cpp_pkg/src/number_publisher.cpp:25:5:[m[K [01;31m[Kerror: [m[KISO C++ forbids declaration of â€˜[01m[Kpublish_number[m[Kâ€™ with no type [[01;31m[K]8;;https://gcc.gnu.org/onlinedocs/gcc/Warning-Options.html#index-fpermissive-fpermissive]8;;[m[K]
[2.040s]    25 |     [01;31m[Kpublish_number[m[K()
[2.040s]       |     [01;31m[K^~~~~~~~~~~~~~[m[K
[2.042s] [01m[K/home/barakooda/ros2_ws/src/my_cpp_pkg/src/number_publisher.cpp:[m[K In constructor â€˜[01m[KNumberPublisherNode::NumberPublisherNode()[m[Kâ€™:
[2.042s] [01m[K/home/barakooda/ros2_ws/src/my_cpp_pkg/src/number_publisher.cpp:12:107:[m[K [01;31m[Kerror: [m[Kâ€˜[01m[KpublishNumber[m[Kâ€™ is not a member of â€˜[01m[KNumberPublisherNode[m[Kâ€™
[2.042s]    12 |         timer_ = this->create_wall_timer(std::chrono::milliseconds(1000), std::bind(&NumberPublisherNode::[01;31m[KpublishNumber[m[K, this));
[2.042s]       |                                                                                                           [01;31m[K^~~~~~~~~~~~~[m[K
[2.047s] [01m[K/home/barakooda/ros2_ws/src/my_cpp_pkg/src/number_publisher.cpp:13:9:[m[K [01;31m[Kerror: [m[Kâ€˜[01m[Kmessage[m[Kâ€™ was not declared in this scope; did you mean â€˜[01m[Kmessage_[m[Kâ€™?
[2.047s]    13 |         [01;31m[Kmessage[m[K.data = 1;
[2.047s]       |         [01;31m[K^~~~~~~[m[K
[2.047s]       |         [32m[Kmessage_[m[K
[2.052s] [01m[K/home/barakooda/ros2_ws/src/my_cpp_pkg/src/number_publisher.cpp:[m[K In member function â€˜[01m[Kint NumberPublisherNode::publish_number()[m[Kâ€™:
[2.052s] [01m[K/home/barakooda/ros2_ws/src/my_cpp_pkg/src/number_publisher.cpp:27:29:[m[K [01;31m[Kerror: [m[Kâ€˜[01m[Kmessage[m[Kâ€™ was not declared in this scope; did you mean â€˜[01m[Kmessage_[m[Kâ€™?
[2.052s]    27 |         publisher_->publish([01;31m[Kmessage[m[K);
[2.052s]       |                             [01;31m[K^~~~~~~[m[K
[2.052s]       |                             [32m[Kmessage_[m[K
[2.052s] [01m[K/home/barakooda/ros2_ws/src/my_cpp_pkg/src/number_publisher.cpp:28:5:[m[K [01;35m[Kwarning: [m[Kno return statement in function returning non-void [[01;35m[K]8;;https://gcc.gnu.org/onlinedocs/gcc/Warning-Options.html#index-Wreturn-type-Wreturn-type]8;;[m[K]
[2.052s]    28 |     [01;35m[K}[m[K
[2.052s]       |     [01;35m[K^[m[K
[2.701s] gmake[2]: *** [CMakeFiles/number_publisher.dir/build.make:76: CMakeFiles/number_publisher.dir/src/number_publisher.cpp.o] Error 1
[2.701s] gmake[1]: *** [CMakeFiles/Makefile2:221: CMakeFiles/number_publisher.dir/all] Error 2
[2.701s] gmake: *** [Makefile:146: all] Error 2
[2.703s] Invoked command in '/home/barakooda/ros2_ws/build/my_cpp_pkg' returned '2': CMAKE_PREFIX_PATH=${CMAKE_PREFIX_PATH}:/home/barakooda/ros2_ws/install/my_py_pkg:/opt/ros/humble /usr/bin/cmake --build /home/barakooda/ros2_ws/build/my_cpp_pkg -- -j8 -l8
