[0.000000] (-) TimerEvent: {}
[0.000255] (-) JobUnselected: {'identifier': 'my_py_pkg'}
[0.000303] (my_cpp_pkg) JobQueued: {'identifier': 'my_cpp_pkg', 'dependencies': OrderedDict()}
[0.000322] (my_cpp_pkg) JobStarted: {'identifier': 'my_cpp_pkg'}
[0.040176] (my_cpp_pkg) JobProgress: {'identifier': 'my_cpp_pkg', 'progress': 'cmake'}
[0.040611] (my_cpp_pkg) JobProgress: {'identifier': 'my_cpp_pkg', 'progress': 'build'}
[0.041162] (my_cpp_pkg) Command: {'cmd': ['/usr/bin/cmake', '--build', '/home/barakooda/ros2_ws/build/my_cpp_pkg', '--', '-j8', '-l8'], 'cwd': '/home/barakooda/ros2_ws/build/my_cpp_pkg', 'env': OrderedDict([('GJS_DEBUG_TOPICS', 'JS ERROR;JS LOG'), ('LESSOPEN', '| /usr/bin/lesspipe %s'), ('LANGUAGE', 'en_IL:en'), ('USER', 'barakooda'), ('XDG_SESSION_TYPE', 'wayland'), ('SHLVL', '1'), ('LD_LIBRARY_PATH', '/opt/ros/humble/opt/rviz_ogre_vendor/lib:/opt/ros/humble/lib/x86_64-linux-gnu:/opt/ros/humble/lib'), ('HOME', '/home/barakooda'), ('OLDPWD', '/home/barakooda'), ('DESKTOP_SESSION', 'ubuntu'), ('GIO_LAUNCHED_DESKTOP_FILE', '/usr/share/applications/terminator.desktop'), ('ROS_PYTHON_VERSION', '3'), ('GNOME_SHELL_SESSION_MODE', 'ubuntu'), ('GTK_MODULES', 'gail:atk-bridge'), ('MANAGERPID', '1146'), ('SYSTEMD_EXEC_PID', '1330'), ('DBUS_SESSION_BUS_ADDRESS', 'unix:path=/run/user/1000/bus'), ('COLORTERM', 'truecolor'), ('TERMINATOR_DBUS_NAME', 'net.tenshu.Terminator25ef4b219e3b005583550f2b0f9f990c3'), ('GIO_LAUNCHED_DESKTOP_FILE_PID', '2782'), ('IM_CONFIG_PHASE', '1'), ('WAYLAND_DISPLAY', 'wayland-0'), ('COLCON_PREFIX_PATH', '/home/barakooda/ros2_ws/install'), ('ROS_DISTRO', 'humble'), ('LOGNAME', 'barakooda'), ('JOURNAL_STREAM', '8:20395'), ('_', '/usr/bin/colcon'), ('ROS_VERSION', '2'), ('XDG_SESSION_CLASS', 'user'), ('USERNAME', 'barakooda'), ('TERM', 'xterm-256color'), ('GNOME_DESKTOP_SESSION_ID', 'this-is-deprecated'), ('ROS_LOCALHOST_ONLY', '0'), ('PATH', '/opt/ros/humble/bin:/usr/local/sbin:/usr/local/bin:/usr/sbin:/usr/bin:/sbin:/bin:/usr/games:/usr/local/games:/snap/bin:/snap/bin'), ('SESSION_MANAGER', 'local/vm:@/tmp/.ICE-unix/1278,unix/vm:/tmp/.ICE-unix/1278'), ('INVOCATION_ID', 'd1d016a36b4d4cf9abdf6ec738f02f54'), ('XDG_MENU_PREFIX', 'gnome-'), ('GNOME_SETUP_DISPLAY', ':1'), ('XDG_RUNTIME_DIR', '/run/user/1000'), ('DISPLAY', ':0'), ('TERMINATOR_DBUS_PATH', '/net/tenshu/Terminator2'), ('LANG', 'en_IL.UTF-8'), ('XDG_CURRENT_DESKTOP', 'ubuntu:GNOME'), ('IBUS_DISABLE_SNOOPER', '1'), ('XMODIFIERS', '@im=ibus'), ('XDG_SESSION_DESKTOP', 'ubuntu'), ('XAUTHORITY', '/run/user/1000/.mutter-Xwaylandauth.ZTO4H2'), ('LS_COLORS', 'rs=0:di=01;34:ln=01;36:mh=00:pi=40;33:so=01;35:do=01;35:bd=40;33;01:cd=40;33;01:or=40;31;01:mi=00:su=37;41:sg=30;43:ca=30;41:tw=30;42:ow=34;42:st=37;44:ex=01;32:*.tar=01;31:*.tgz=01;31:*.arc=01;31:*.arj=01;31:*.taz=01;31:*.lha=01;31:*.lz4=01;31:*.lzh=01;31:*.lzma=01;31:*.tlz=01;31:*.txz=01;31:*.tzo=01;31:*.t7z=01;31:*.zip=01;31:*.z=01;31:*.dz=01;31:*.gz=01;31:*.lrz=01;31:*.lz=01;31:*.lzo=01;31:*.xz=01;31:*.zst=01;31:*.tzst=01;31:*.bz2=01;31:*.bz=01;31:*.tbz=01;31:*.tbz2=01;31:*.tz=01;31:*.deb=01;31:*.rpm=01;31:*.jar=01;31:*.war=01;31:*.ear=01;31:*.sar=01;31:*.rar=01;31:*.alz=01;31:*.ace=01;31:*.zoo=01;31:*.cpio=01;31:*.7z=01;31:*.rz=01;31:*.cab=01;31:*.wim=01;31:*.swm=01;31:*.dwm=01;31:*.esd=01;31:*.jpg=01;35:*.jpeg=01;35:*.mjpg=01;35:*.mjpeg=01;35:*.gif=01;35:*.bmp=01;35:*.pbm=01;35:*.pgm=01;35:*.ppm=01;35:*.tga=01;35:*.xbm=01;35:*.xpm=01;35:*.tif=01;35:*.tiff=01;35:*.png=01;35:*.svg=01;35:*.svgz=01;35:*.mng=01;35:*.pcx=01;35:*.mov=01;35:*.mpg=01;35:*.mpeg=01;35:*.m2v=01;35:*.mkv=01;35:*.webm=01;35:*.webp=01;35:*.ogm=01;35:*.mp4=01;35:*.m4v=01;35:*.mp4v=01;35:*.vob=01;35:*.qt=01;35:*.nuv=01;35:*.wmv=01;35:*.asf=01;35:*.rm=01;35:*.rmvb=01;35:*.flc=01;35:*.avi=01;35:*.fli=01;35:*.flv=01;35:*.gl=01;35:*.dl=01;35:*.xcf=01;35:*.xwd=01;35:*.yuv=01;35:*.cgm=01;35:*.emf=01;35:*.ogv=01;35:*.ogx=01;35:*.aac=00;36:*.au=00;36:*.flac=00;36:*.m4a=00;36:*.mid=00;36:*.midi=00;36:*.mka=00;36:*.mp3=00;36:*.mpc=00;36:*.ogg=00;36:*.ra=00;36:*.wav=00;36:*.oga=00;36:*.opus=00;36:*.spx=00;36:*.xspf=00;36:'), ('SSH_AGENT_LAUNCHER', 'gnome-keyring'), ('SSH_AUTH_SOCK', '/run/user/1000/keyring/ssh'), ('AMENT_PREFIX_PATH', '/home/barakooda/ros2_ws/install/my_py_pkg:/home/barakooda/ros2_ws/install/my_cpp_pkg:/opt/ros/humble'), ('SHELL', '/bin/bash'), ('TERMINATOR_UUID', 'urn:uuid:8cb77f59-b966-438d-9862-9d876772622a'), ('QT_ACCESSIBILITY', '1'), ('GDMSESSION', 'ubuntu'), ('LESSCLOSE', '/usr/bin/lesspipe %s %s'), ('GJS_DEBUG_OUTPUT', 'stderr'), ('QT_IM_MODULE', 'ibus'), ('PWD', '/home/barakooda/ros2_ws/build/my_cpp_pkg'), ('LC_ALL', 'en_IL.UTF-8'), ('XDG_CONFIG_DIRS', '/etc/xdg/xdg-ubuntu:/etc/xdg'), ('XDG_DATA_DIRS', '/usr/share/ubuntu:/usr/local/share/:/usr/share/:/var/lib/snapd/desktop'), ('PYTHONPATH', '/home/barakooda/ros2_ws/build/my_py_pkg:/home/barakooda/ros2_ws/install/my_py_pkg/lib/python3.10/site-packages:/opt/ros/humble/lib/python3.10/site-packages:/opt/ros/humble/local/lib/python3.10/dist-packages'), ('COLCON', '1'), ('VTE_VERSION', '6800'), ('CMAKE_PREFIX_PATH', '/home/barakooda/ros2_ws/install/my_cpp_pkg:/home/barakooda/ros2_ws/install/my_py_pkg:/opt/ros/humble')]), 'shell': False}
[0.068385] (my_cpp_pkg) StdoutLine: {'line': b'-- Found ament_cmake: 1.3.6 (/opt/ros/humble/share/ament_cmake/cmake)\n'}
[0.099040] (-) TimerEvent: {}
[0.176348] (my_cpp_pkg) StdoutLine: {'line': b'-- Found rclcpp: 16.0.7 (/opt/ros/humble/share/rclcpp/cmake)\n'}
[0.196627] (my_cpp_pkg) StdoutLine: {'line': b'-- Found rosidl_generator_c: 3.1.5 (/opt/ros/humble/share/rosidl_generator_c/cmake)\n'}
[0.198140] (my_cpp_pkg) StdoutLine: {'line': b'-- Found rosidl_adapter: 3.1.5 (/opt/ros/humble/share/rosidl_adapter/cmake)\n'}
[0.199160] (-) TimerEvent: {}
[0.202127] (my_cpp_pkg) StdoutLine: {'line': b'-- Found rosidl_generator_cpp: 3.1.5 (/opt/ros/humble/share/rosidl_generator_cpp/cmake)\n'}
[0.209510] (my_cpp_pkg) StdoutLine: {'line': b'-- Using all available rosidl_typesupport_c: rosidl_typesupport_fastrtps_c;rosidl_typesupport_introspection_c\n'}
[0.220233] (my_cpp_pkg) StdoutLine: {'line': b'-- Using all available rosidl_typesupport_cpp: rosidl_typesupport_fastrtps_cpp;rosidl_typesupport_introspection_cpp\n'}
[0.260073] (my_cpp_pkg) StdoutLine: {'line': b'-- Found rmw_implementation_cmake: 6.1.1 (/opt/ros/humble/share/rmw_implementation_cmake/cmake)\n'}
[0.260902] (my_cpp_pkg) StdoutLine: {'line': b'-- Found rmw_fastrtps_cpp: 6.2.5 (/opt/ros/humble/share/rmw_fastrtps_cpp/cmake)\n'}
[0.299423] (-) TimerEvent: {}
[0.344275] (my_cpp_pkg) StdoutLine: {'line': b"-- Using RMW implementation 'rmw_fastrtps_cpp' as default\n"}
[0.399545] (-) TimerEvent: {}
[0.461476] (my_cpp_pkg) StdoutLine: {'line': b'-- Found example_interfaces: 0.9.3 (/opt/ros/humble/share/example_interfaces/cmake)\n'}
[0.500374] (-) TimerEvent: {}
[0.600712] (-) TimerEvent: {}
[0.607181] (my_cpp_pkg) StdoutLine: {'line': b'-- Configuring done\n'}
[0.621943] (my_cpp_pkg) StdoutLine: {'line': b'-- Generating done\n'}
[0.622175] (my_cpp_pkg) StdoutLine: {'line': b'-- Build files have been written to: /home/barakooda/ros2_ws/build/my_cpp_pkg\n'}
[0.643256] (my_cpp_pkg) StdoutLine: {'line': b'\x1b[35m\x1b[1mConsolidate compiler generated dependencies of target robot_news_station\x1b[0m\n'}
[0.643538] (my_cpp_pkg) StdoutLine: {'line': b'\x1b[35m\x1b[1mConsolidate compiler generated dependencies of target cpp_node\x1b[0m\n'}
[0.649484] (my_cpp_pkg) StdoutLine: {'line': b'[ 16%] \x1b[32mBuilding CXX object CMakeFiles/smartphone.dir/src/smartphone.cpp.o\x1b[0m\n'}
[0.661904] (my_cpp_pkg) StdoutLine: {'line': b'[ 50%] Built target robot_news_station\n'}
[0.662458] (my_cpp_pkg) StdoutLine: {'line': b'[ 83%] Built target cpp_node\n'}
[0.701419] (-) TimerEvent: {}
[0.802131] (-) TimerEvent: {}
[0.904231] (-) TimerEvent: {}
[1.005675] (-) TimerEvent: {}
[1.111786] (-) TimerEvent: {}
[1.212781] (-) TimerEvent: {}
[1.313634] (-) TimerEvent: {}
[1.414233] (-) TimerEvent: {}
[1.518662] (-) TimerEvent: {}
[1.626837] (-) TimerEvent: {}
[1.732977] (-) TimerEvent: {}
[1.834802] (-) TimerEvent: {}
[1.935241] (-) TimerEvent: {}
[2.036406] (-) TimerEvent: {}
[2.138611] (-) TimerEvent: {}
[2.238976] (-) TimerEvent: {}
[2.340188] (-) TimerEvent: {}
[2.441526] (-) TimerEvent: {}
[2.550022] (-) TimerEvent: {}
[2.650515] (-) TimerEvent: {}
[2.751134] (-) TimerEvent: {}
[2.852185] (-) TimerEvent: {}
[2.954706] (-) TimerEvent: {}
[3.055922] (-) TimerEvent: {}
[3.156540] (-) TimerEvent: {}
[3.257209] (-) TimerEvent: {}
[3.358667] (-) TimerEvent: {}
[3.423885] (my_cpp_pkg) StderrLine: {'line': b'\x1b[01m\x1b[K/home/barakooda/ros2_ws/src/my_cpp_pkg/src/smartphone.cpp:7:5:\x1b[m\x1b[K \x1b[01;31m\x1b[Kerror: \x1b[m\x1b[KISO C++ forbids declaration of \xe2\x80\x98\x1b[01m\x1b[KMyCustomNode\x1b[m\x1b[K\xe2\x80\x99 with no type [\x1b[01;31m\x1b[K\x1b]8;;https://gcc.gnu.org/onlinedocs/gcc/Warning-Options.html#index-fpermissive\x07-fpermissive\x1b]8;;\x07\x1b[m\x1b[K]\n'}
[3.424154] (my_cpp_pkg) StderrLine: {'line': b'    7 |     \x1b[01;31m\x1b[KMyCustomNode\x1b[m\x1b[K() : Node("smartphone") // MODIFY NAME\n'}
[3.424202] (my_cpp_pkg) StderrLine: {'line': b'      |     \x1b[01;31m\x1b[K^~~~~~~~~~~~\x1b[m\x1b[K\n'}
[3.459586] (-) TimerEvent: {}
[3.462939] (my_cpp_pkg) StderrLine: {'line': b'\x1b[01m\x1b[K/home/barakooda/ros2_ws/src/my_cpp_pkg/src/smartphone.cpp:\x1b[m\x1b[K In member function \xe2\x80\x98\x1b[01m\x1b[Kint SmartphoneNode::MyCustomNode()\x1b[m\x1b[K\xe2\x80\x99:\n'}
[3.463332] (my_cpp_pkg) StderrLine: {'line': b'\x1b[01m\x1b[K/home/barakooda/ros2_ws/src/my_cpp_pkg/src/smartphone.cpp:7:22:\x1b[m\x1b[K \x1b[01;31m\x1b[Kerror: \x1b[m\x1b[Konly constructors take member initializers\n'}
[3.463417] (my_cpp_pkg) StderrLine: {'line': b'    7 |     MyCustomNode() : \x1b[01;31m\x1b[KNode\x1b[m\x1b[K("smartphone") // MODIFY NAME\n'}
[3.463506] (my_cpp_pkg) StderrLine: {'line': b'      |                      \x1b[01;31m\x1b[K^~~~\x1b[m\x1b[K\n'}
[3.472765] (my_cpp_pkg) StderrLine: {'line': b'\x1b[01m\x1b[K/home/barakooda/ros2_ws/src/my_cpp_pkg/src/smartphone.cpp:9:9:\x1b[m\x1b[K \x1b[01;31m\x1b[Kerror: \x1b[m\x1b[K\xe2\x80\x98\x1b[01m\x1b[Ksubscriber_\x1b[m\x1b[K\xe2\x80\x99 was not declared in this scope; did you mean \xe2\x80\x98\x1b[01m\x1b[Ksubscription_\x1b[m\x1b[K\xe2\x80\x99?\n'}
[3.472992] (my_cpp_pkg) StderrLine: {'line': b'    9 |         \x1b[01;31m\x1b[Ksubscriber_\x1b[m\x1b[K = this->create_subscription<example_interfaces::msg::String>(\n'}
[3.473036] (my_cpp_pkg) StderrLine: {'line': b'      |         \x1b[01;31m\x1b[K^~~~~~~~~~~\x1b[m\x1b[K\n'}
[3.473073] (my_cpp_pkg) StderrLine: {'line': b'      |         \x1b[32m\x1b[Ksubscription_\x1b[m\x1b[K\n'}
[3.489202] (my_cpp_pkg) StderrLine: {'line': b'\x1b[01m\x1b[K/home/barakooda/ros2_ws/src/my_cpp_pkg/src/smartphone.cpp:16:5:\x1b[m\x1b[K \x1b[01;35m\x1b[Kwarning: \x1b[m\x1b[Kno return statement in function returning non-void [\x1b[01;35m\x1b[K\x1b]8;;https://gcc.gnu.org/onlinedocs/gcc/Warning-Options.html#index-Wreturn-type\x07-Wreturn-type\x1b]8;;\x07\x1b[m\x1b[K]\n'}
[3.489601] (my_cpp_pkg) StderrLine: {'line': b'   16 |     \x1b[01;35m\x1b[K}\x1b[m\x1b[K\n'}
[3.489665] (my_cpp_pkg) StderrLine: {'line': b'      |     \x1b[01;35m\x1b[K^\x1b[m\x1b[K\n'}
[3.489746] (my_cpp_pkg) StderrLine: {'line': b'\x1b[01m\x1b[K/home/barakooda/ros2_ws/src/my_cpp_pkg/src/smartphone.cpp:\x1b[m\x1b[K In function \xe2\x80\x98\x1b[01m\x1b[Kint main(int, char**)\x1b[m\x1b[K\xe2\x80\x99:\n'}
[3.489791] (my_cpp_pkg) StderrLine: {'line': b'\x1b[01m\x1b[K/home/barakooda/ros2_ws/src/my_cpp_pkg/src/smartphone.cpp:31:34:\x1b[m\x1b[K \x1b[01;31m\x1b[Kerror: \x1b[m\x1b[K\xe2\x80\x98\x1b[01m\x1b[KMyCustomNode\x1b[m\x1b[K\xe2\x80\x99 was not declared in this scope\n'}
[3.489832] (my_cpp_pkg) StderrLine: {'line': b'   31 |     auto node = std::make_shared<\x1b[01;31m\x1b[KMyCustomNode\x1b[m\x1b[K>(); // MODIFY NAME\n'}
[3.489872] (my_cpp_pkg) StderrLine: {'line': b'      |                                  \x1b[01;31m\x1b[K^~~~~~~~~~~~\x1b[m\x1b[K\n'}
[3.489906] (my_cpp_pkg) StderrLine: {'line': b'\x1b[01m\x1b[K/home/barakooda/ros2_ws/src/my_cpp_pkg/src/smartphone.cpp:31:47:\x1b[m\x1b[K \x1b[01;31m\x1b[Kerror: \x1b[m\x1b[Kno matching function for call to \xe2\x80\x98\x1b[01m\x1b[Kmake_shared<<expression error> >()\x1b[m\x1b[K\xe2\x80\x99\n'}
[3.489959] (my_cpp_pkg) StderrLine: {'line': b'   31 |     auto node = \x1b[01;31m\x1b[Kstd::make_shared<MyCustomNode>()\x1b[m\x1b[K; // MODIFY NAME\n'}
[3.489994] (my_cpp_pkg) StderrLine: {'line': b'      |                 \x1b[01;31m\x1b[K~~~~~~~~~~~~~~~~~~~~~~~~~~~~~~^~\x1b[m\x1b[K\n'}
[3.490044] (my_cpp_pkg) StderrLine: {'line': b'In file included from \x1b[01m\x1b[K/usr/include/c++/11/memory:77\x1b[m\x1b[K,\n'}
[3.490083] (my_cpp_pkg) StderrLine: {'line': b'                 from \x1b[01m\x1b[K/opt/ros/humble/include/rclcpp/rclcpp/rclcpp.hpp:153\x1b[m\x1b[K,\n'}
[3.490117] (my_cpp_pkg) StderrLine: {'line': b'                 from \x1b[01m\x1b[K/home/barakooda/ros2_ws/src/my_cpp_pkg/src/smartphone.cpp:1\x1b[m\x1b[K:\n'}
[3.490152] (my_cpp_pkg) StderrLine: {'line': b'\x1b[01m\x1b[K/usr/include/c++/11/bits/shared_ptr.h:875:5:\x1b[m\x1b[K \x1b[01;36m\x1b[Knote: \x1b[m\x1b[Kcandidate: \xe2\x80\x98\x1b[01m\x1b[Ktemplate<class _Tp, class ... _Args> std::shared_ptr<_Tp> std::make_shared(_Args&& ...)\x1b[m\x1b[K\xe2\x80\x99\n'}
[3.490191] (my_cpp_pkg) StderrLine: {'line': b'  875 |     \x1b[01;36m\x1b[Kmake_shared\x1b[m\x1b[K(_Args&&... __args)\n'}
[3.490225] (my_cpp_pkg) StderrLine: {'line': b'      |     \x1b[01;36m\x1b[K^~~~~~~~~~~\x1b[m\x1b[K\n'}
[3.490259] (my_cpp_pkg) StderrLine: {'line': b'\x1b[01m\x1b[K/usr/include/c++/11/bits/shared_ptr.h:875:5:\x1b[m\x1b[K \x1b[01;36m\x1b[Knote: \x1b[m\x1b[K  template argument deduction/substitution failed:\n'}
[3.490295] (my_cpp_pkg) StderrLine: {'line': b'\x1b[01m\x1b[K/home/barakooda/ros2_ws/src/my_cpp_pkg/src/smartphone.cpp:31:47:\x1b[m\x1b[K \x1b[01;31m\x1b[Kerror: \x1b[m\x1b[Ktemplate argument 1 is invalid\n'}
[3.490331] (my_cpp_pkg) StderrLine: {'line': b'   31 |     auto node = \x1b[01;31m\x1b[Kstd::make_shared<MyCustomNode>()\x1b[m\x1b[K; // MODIFY NAME\n'}
[3.490366] (my_cpp_pkg) StderrLine: {'line': b'      |                 \x1b[01;31m\x1b[K~~~~~~~~~~~~~~~~~~~~~~~~~~~~~~^~\x1b[m\x1b[K\n'}
[3.560283] (-) TimerEvent: {}
[3.661218] (-) TimerEvent: {}
[3.762367] (-) TimerEvent: {}
[3.865865] (-) TimerEvent: {}
[3.966498] (-) TimerEvent: {}
[4.067748] (-) TimerEvent: {}
[4.168148] (-) TimerEvent: {}
[4.269007] (-) TimerEvent: {}
[4.370074] (-) TimerEvent: {}
[4.470413] (-) TimerEvent: {}
[4.571345] (-) TimerEvent: {}
[4.671721] (-) TimerEvent: {}
[4.772231] (-) TimerEvent: {}
[4.873389] (-) TimerEvent: {}
[4.974043] (-) TimerEvent: {}
[5.075264] (-) TimerEvent: {}
[5.176220] (-) TimerEvent: {}
[5.276773] (-) TimerEvent: {}
[5.378304] (-) TimerEvent: {}
[5.478905] (-) TimerEvent: {}
[5.579220] (-) TimerEvent: {}
[5.679714] (-) TimerEvent: {}
[5.779543] (my_cpp_pkg) StderrLine: {'line': b'gmake[2]: *** [CMakeFiles/smartphone.dir/build.make:76: CMakeFiles/smartphone.dir/src/smartphone.cpp.o] Error 1\n'}
[5.780086] (-) TimerEvent: {}
[5.780338] (my_cpp_pkg) StderrLine: {'line': b'gmake[1]: *** [CMakeFiles/Makefile2:193: CMakeFiles/smartphone.dir/all] Error 2\n'}
[5.780491] (my_cpp_pkg) StderrLine: {'line': b'gmake: *** [Makefile:146: all] Error 2\n'}
[5.782767] (my_cpp_pkg) CommandEnded: {'returncode': 2}
[5.859912] (my_cpp_pkg) JobEnded: {'identifier': 'my_cpp_pkg', 'rc': 2}
[5.860593] (-) EventReactorShutdown: {}
