[0.041s] Invoking command in '/home/barakooda/ros2_ws/build/my_cpp_pkg': CMAKE_PREFIX_PATH=${CMAKE_PREFIX_PATH}:/home/barakooda/ros2_ws/install/my_py_pkg:/opt/ros/humble /usr/bin/cmake --build /home/barakooda/ros2_ws/build/my_cpp_pkg -- -j8 -l8
[0.057s] -- Found ament_cmake: 1.3.7 (/opt/ros/humble/share/ament_cmake/cmake)
[0.158s] -- Found rclcpp: 16.0.8 (/opt/ros/humble/share/rclcpp/cmake)
[0.176s] -- Found rosidl_generator_c: 3.1.5 (/opt/ros/humble/share/rosidl_generator_c/cmake)
[0.178s] -- Found rosidl_adapter: 3.1.5 (/opt/ros/humble/share/rosidl_adapter/cmake)
[0.181s] -- Found rosidl_generator_cpp: 3.1.5 (/opt/ros/humble/share/rosidl_generator_cpp/cmake)
[0.188s] -- Using all available rosidl_typesupport_c: rosidl_typesupport_fastrtps_c;rosidl_typesupport_introspection_c
[0.198s] -- Using all available rosidl_typesupport_cpp: rosidl_typesupport_fastrtps_cpp;rosidl_typesupport_introspection_cpp
[0.234s] -- Found rmw_implementation_cmake: 6.1.1 (/opt/ros/humble/share/rmw_implementation_cmake/cmake)
[0.234s] -- Found rmw_fastrtps_cpp: 6.2.6 (/opt/ros/humble/share/rmw_fastrtps_cpp/cmake)
[0.310s] -- Using RMW implementation 'rmw_fastrtps_cpp' as default
[0.412s] -- Found example_interfaces: 0.9.3 (/opt/ros/humble/share/example_interfaces/cmake)
[0.550s] -- Configuring done
[0.569s] -- Generating done
[0.571s] -- Build files have been written to: /home/barakooda/ros2_ws/build/my_cpp_pkg
[0.592s] [35m[1mConsolidate compiler generated dependencies of target add_two_ints_server[0m
[0.592s] [35m[1mConsolidate compiler generated dependencies of target robot_news_station[0m
[0.592s] [35m[1mConsolidate compiler generated dependencies of target number_publisher[0m
[0.592s] [35m[1mConsolidate compiler generated dependencies of target number_counter[0m
[0.592s] [35m[1mConsolidate compiler generated dependencies of target smartphone[0m
[0.592s] [35m[1mConsolidate compiler generated dependencies of target cpp_node[0m
[0.600s] [  7%] [32mBuilding CXX object CMakeFiles/add_two_ints_client_no_opp.dir/src/add_two_ints_client_no_opp.cpp.o[0m
[0.606s] [ 21%] Built target add_two_ints_server
[0.607s] [ 35%] Built target number_publisher
[0.607s] [ 50%] Built target number_counter
[0.608s] [ 64%] Built target smartphone
[0.608s] [ 78%] Built target cpp_node
[0.611s] [ 92%] Built target robot_news_station
[2.111s] [01m[K/home/barakooda/ros2_ws/src/my_cpp_pkg/src/add_two_ints_client_no_opp.cpp:[m[K In function â€˜[01m[Kint main(int, char**)[m[Kâ€™:
[2.111s] [01m[K/home/barakooda/ros2_ws/src/my_cpp_pkg/src/add_two_ints_client_no_opp.cpp:9:22:[m[K [01;31m[Kerror: [m[Kparse error in template argument list
[2.111s]     9 |     auto node = std::[01;31m[Kmake_shared<rclcpp.node>[m[K();
[2.111s]       |                      [01;31m[K^~~~~~~~~~~~~~~~~~~~~~~~[m[K
[2.111s] [01m[K/home/barakooda/ros2_ws/src/my_cpp_pkg/src/add_two_ints_client_no_opp.cpp:9:46:[m[K [01;31m[Kerror: [m[Kno matching function for call to â€˜[01m[Kmake_shared<<expression error> >()[m[Kâ€™
[2.111s]     9 |     auto node = [01;31m[Kstd::make_shared<rclcpp.node>()[m[K;
[2.111s]       |                 [01;31m[K~~~~~~~~~~~~~~~~~~~~~~~~~~~~~^~[m[K
[2.111s] In file included from [01m[K/usr/include/c++/11/memory:77[m[K,
[2.111s]                  from [01m[K/opt/ros/humble/include/rclcpp/rclcpp/rclcpp.hpp:153[m[K,
[2.111s]                  from [01m[K/home/barakooda/ros2_ws/src/my_cpp_pkg/src/add_two_ints_client_no_opp.cpp:1[m[K:
[2.112s] [01m[K/usr/include/c++/11/bits/shared_ptr.h:875:5:[m[K [01;36m[Knote: [m[Kcandidate: â€˜[01m[Ktemplate<class _Tp, class ... _Args> std::shared_ptr<_Tp> std::make_shared(_Args&& ...)[m[Kâ€™
[2.112s]   875 |     [01;36m[Kmake_shared[m[K(_Args&&... __args)
[2.112s]       |     [01;36m[K^~~~~~~~~~~[m[K
[2.112s] [01m[K/usr/include/c++/11/bits/shared_ptr.h:875:5:[m[K [01;36m[Knote: [m[K  template argument deduction/substitution failed:
[2.112s] [01m[K/home/barakooda/ros2_ws/src/my_cpp_pkg/src/add_two_ints_client_no_opp.cpp:9:46:[m[K [01;31m[Kerror: [m[Ktemplate argument 1 is invalid
[2.112s]     9 |     auto node = [01;31m[Kstd::make_shared<rclcpp.node>()[m[K;
[2.112s]       |                 [01;31m[K~~~~~~~~~~~~~~~~~~~~~~~~~~~~~^~[m[K
[2.112s] [01m[K/home/barakooda/ros2_ws/src/my_cpp_pkg/src/add_two_ints_client_no_opp.cpp:11:74:[m[K [01;31m[Kerror: [m[Kexpected primary-expression before â€˜[01m[K>[m[Kâ€™ token
[2.112s]    11 |     auto client = node->create_client<example_interfaces::srv::AddTwoInts[01;31m[K>[m[K("add_two_ints");
[2.112s]       |                                                                          [01;31m[K^[m[K
[2.112s] In file included from [01m[K/opt/ros/humble/include/rclcpp/rclcpp/client.hpp:40[m[K,
[2.112s]                  from [01m[K/opt/ros/humble/include/rclcpp/rclcpp/callback_group.hpp:24[m[K,
[2.112s]                  from [01m[K/opt/ros/humble/include/rclcpp/rclcpp/any_executable.hpp:20[m[K,
[2.112s]                  from [01m[K/opt/ros/humble/include/rclcpp/rclcpp/memory_strategy.hpp:25[m[K,
[2.112s]                  from [01m[K/opt/ros/humble/include/rclcpp/rclcpp/memory_strategies.hpp:18[m[K,
[2.112s]                  from [01m[K/opt/ros/humble/include/rclcpp/rclcpp/executor_options.hpp:20[m[K,
[2.112s]                  from [01m[K/opt/ros/humble/include/rclcpp/rclcpp/executor.hpp:37[m[K,
[2.112s]                  from [01m[K/opt/ros/humble/include/rclcpp/rclcpp/executors/multi_threaded_executor.hpp:25[m[K,
[2.112s]                  from [01m[K/opt/ros/humble/include/rclcpp/rclcpp/executors.hpp:21[m[K,
[2.112s]                  from [01m[K/opt/ros/humble/include/rclcpp/rclcpp/rclcpp.hpp:155[m[K,
[2.112s]                  from [01m[K/home/barakooda/ros2_ws/src/my_cpp_pkg/src/add_two_ints_client_no_opp.cpp:1[m[K:
[2.112s] [01m[K/home/barakooda/ros2_ws/src/my_cpp_pkg/src/add_two_ints_client_no_opp.cpp:17:13:[m[K [01;31m[Kerror: [m[Ktemplate argument 1 is invalid
[2.112s]    17 |             [01;31m[KRCLCPP_ERROR[m[K(node->get_logger(), "Interrupted while waiting for the service. Exiting.");
[2.113s]       |             [01;31m[K^~~~~~~~~~~~[m[K
[2.113s] [01m[K/home/barakooda/ros2_ws/src/my_cpp_pkg/src/add_two_ints_client_no_opp.cpp:17:13:[m[K [01;31m[Kerror: [m[Kâ€˜[01m[K<declaration error>[m[Kâ€™ is not a template [[01;31m[K]8;;https://gcc.gnu.org/onlinedocs/gcc/Warning-Options.html#index-fpermissive-fpermissive]8;;[m[K]
[2.113s]    17 |             [01;31m[KRCLCPP_ERROR[m[K(node->get_logger(), "Interrupted while waiting for the service. Exiting.");
[2.113s]       |             [01;31m[K^~~~~~~~~~~~[m[K
[2.113s] [01m[K/home/barakooda/ros2_ws/src/my_cpp_pkg/src/add_two_ints_client_no_opp.cpp:17:13:[m[K [01;31m[Kerror: [m[Ktemplate argument 1 is invalid
[2.113s]    17 |             [01;31m[KRCLCPP_ERROR[m[K(node->get_logger(), "Interrupted while waiting for the service. Exiting.");
[2.113s]       |             [01;31m[K^~~~~~~~~~~~[m[K
[2.113s] [01m[K/home/barakooda/ros2_ws/src/my_cpp_pkg/src/add_two_ints_client_no_opp.cpp:17:13:[m[K [01;31m[Kerror: [m[Kâ€˜[01m[K<declaration error>[m[Kâ€™ is not a template [[01;31m[K]8;;https://gcc.gnu.org/onlinedocs/gcc/Warning-Options.html#index-fpermissive-fpermissive]8;;[m[K]
[2.113s]    17 |             [01;31m[KRCLCPP_ERROR[m[K(node->get_logger(), "Interrupted while waiting for the service. Exiting.");
[2.113s]       |             [01;31m[K^~~~~~~~~~~~[m[K
[2.113s] [01m[K/home/barakooda/ros2_ws/src/my_cpp_pkg/src/add_two_ints_client_no_opp.cpp:17:13:[m[K [01;31m[Kerror: [m[Ktemplate argument 1 is invalid
[2.113s]    17 |             [01;31m[KRCLCPP_ERROR[m[K(node->get_logger(), "Interrupted while waiting for the service. Exiting.");
[2.113s]       |             [01;31m[K^~~~~~~~~~~~[m[K
[2.113s] [01m[K/home/barakooda/ros2_ws/src/my_cpp_pkg/src/add_two_ints_client_no_opp.cpp:20:9:[m[K [01;31m[Kerror: [m[Ktemplate argument 1 is invalid
[2.113s]    20 |         [01;31m[KRCLCPP_INFO[m[K(node->get_logger(), "service not available, waiting again...");
[2.113s]       |         [01;31m[K^~~~~~~~~~~[m[K
[2.113s] [01m[K/home/barakooda/ros2_ws/src/my_cpp_pkg/src/add_two_ints_client_no_opp.cpp:20:9:[m[K [01;31m[Kerror: [m[Kâ€˜[01m[K<declaration error>[m[Kâ€™ is not a template [[01;31m[K]8;;https://gcc.gnu.org/onlinedocs/gcc/Warning-Options.html#index-fpermissive-fpermissive]8;;[m[K]
[2.113s]    20 |         [01;31m[KRCLCPP_INFO[m[K(node->get_logger(), "service not available, waiting again...");
[2.113s]       |         [01;31m[K^~~~~~~~~~~[m[K
[2.113s] [01m[K/home/barakooda/ros2_ws/src/my_cpp_pkg/src/add_two_ints_client_no_opp.cpp:20:9:[m[K [01;31m[Kerror: [m[Ktemplate argument 1 is invalid
[2.113s]    20 |         [01;31m[KRCLCPP_INFO[m[K(node->get_logger(), "service not available, waiting again...");
[2.113s]       |         [01;31m[K^~~~~~~~~~~[m[K
[2.113s] [01m[K/home/barakooda/ros2_ws/src/my_cpp_pkg/src/add_two_ints_client_no_opp.cpp:20:9:[m[K [01;31m[Kerror: [m[Kâ€˜[01m[K<declaration error>[m[Kâ€™ is not a template [[01;31m[K]8;;https://gcc.gnu.org/onlinedocs/gcc/Warning-Options.html#index-fpermissive-fpermissive]8;;[m[K]
[2.114s]    20 |         [01;31m[KRCLCPP_INFO[m[K(node->get_logger(), "service not available, waiting again...");
[2.114s]       |         [01;31m[K^~~~~~~~~~~[m[K
[2.114s] [01m[K/home/barakooda/ros2_ws/src/my_cpp_pkg/src/add_two_ints_client_no_opp.cpp:20:9:[m[K [01;31m[Kerror: [m[Ktemplate argument 1 is invalid
[2.114s]    20 |         [01;31m[KRCLCPP_INFO[m[K(node->get_logger(), "service not available, waiting again...");
[2.114s]       |         [01;31m[K^~~~~~~~~~~[m[K
[2.114s] [01m[K/home/barakooda/ros2_ws/src/my_cpp_pkg/src/add_two_ints_client_no_opp.cpp:30:69:[m[K [01;31m[Kerror: [m[Kâ€˜[01m[Krclcpp::executor[m[Kâ€™ has not been declared
[2.114s]    30 |     if (rclcpp::spin_until_future_complete(node, future) == rclcpp::[01;31m[Kexecutor[m[K::FutureReturnCode::SUCCESS)
[2.114s]       |                                                                     [01;31m[K^~~~~~~~[m[K
[2.114s] In file included from [01m[K/opt/ros/humble/include/rclcpp/rclcpp/client.hpp:40[m[K,
[2.114s]                  from [01m[K/opt/ros/humble/include/rclcpp/rclcpp/callback_group.hpp:24[m[K,
[2.114s]                  from [01m[K/opt/ros/humble/include/rclcpp/rclcpp/any_executable.hpp:20[m[K,
[2.114s]                  from [01m[K/opt/ros/humble/include/rclcpp/rclcpp/memory_strategy.hpp:25[m[K,
[2.114s]                  from [01m[K/opt/ros/humble/include/rclcpp/rclcpp/memory_strategies.hpp:18[m[K,
[2.114s]                  from [01m[K/opt/ros/humble/include/rclcpp/rclcpp/executor_options.hpp:20[m[K,
[2.114s]                  from [01m[K/opt/ros/humble/include/rclcpp/rclcpp/executor.hpp:37[m[K,
[2.114s]                  from [01m[K/opt/ros/humble/include/rclcpp/rclcpp/executors/multi_threaded_executor.hpp:25[m[K,
[2.114s]                  from [01m[K/opt/ros/humble/include/rclcpp/rclcpp/executors.hpp:21[m[K,
[2.114s]                  from [01m[K/opt/ros/humble/include/rclcpp/rclcpp/rclcpp.hpp:155[m[K,
[2.114s]                  from [01m[K/home/barakooda/ros2_ws/src/my_cpp_pkg/src/add_two_ints_client_no_opp.cpp:1[m[K:
[2.114s] [01m[K/home/barakooda/ros2_ws/src/my_cpp_pkg/src/add_two_ints_client_no_opp.cpp:33:9:[m[K [01;31m[Kerror: [m[Ktemplate argument 1 is invalid
[2.114s]    33 |         [01;31m[KRCLCPP_INFO[m[K(node->get_logger(), "Result of %ld + %ld = %ld", request->a, request->b, result->sum);
[2.114s]       |         [01;31m[K^~~~~~~~~~~[m[K
[2.114s] [01m[K/home/barakooda/ros2_ws/src/my_cpp_pkg/src/add_two_ints_client_no_opp.cpp:33:9:[m[K [01;31m[Kerror: [m[Kâ€˜[01m[K<declaration error>[m[Kâ€™ is not a template [[01;31m[K]8;;https://gcc.gnu.org/onlinedocs/gcc/Warning-Options.html#index-fpermissive-fpermissive]8;;[m[K]
[2.114s]    33 |         [01;31m[KRCLCPP_INFO[m[K(node->get_logger(), "Result of %ld + %ld = %ld", request->a, request->b, result->sum);
[2.114s]       |         [01;31m[K^~~~~~~~~~~[m[K
[2.114s] [01m[K/home/barakooda/ros2_ws/src/my_cpp_pkg/src/add_two_ints_client_no_opp.cpp:33:9:[m[K [01;31m[Kerror: [m[Ktemplate argument 1 is invalid
[2.115s]    33 |         [01;31m[KRCLCPP_INFO[m[K(node->get_logger(), "Result of %ld + %ld = %ld", request->a, request->b, result->sum);
[2.115s]       |         [01;31m[K^~~~~~~~~~~[m[K
[2.115s] [01m[K/home/barakooda/ros2_ws/src/my_cpp_pkg/src/add_two_ints_client_no_opp.cpp:33:9:[m[K [01;31m[Kerror: [m[Kâ€˜[01m[K<declaration error>[m[Kâ€™ is not a template [[01;31m[K]8;;https://gcc.gnu.org/onlinedocs/gcc/Warning-Options.html#index-fpermissive-fpermissive]8;;[m[K]
[2.115s]    33 |         [01;31m[KRCLCPP_INFO[m[K(node->get_logger(), "Result of %ld + %ld = %ld", request->a, request->b, result->sum);
[2.115s]       |         [01;31m[K^~~~~~~~~~~[m[K
[2.115s] [01m[K/home/barakooda/ros2_ws/src/my_cpp_pkg/src/add_two_ints_client_no_opp.cpp:33:9:[m[K [01;31m[Kerror: [m[Ktemplate argument 1 is invalid
[2.115s]    33 |         [01;31m[KRCLCPP_INFO[m[K(node->get_logger(), "Result of %ld + %ld = %ld", request->a, request->b, result->sum);
[2.115s]       |         [01;31m[K^~~~~~~~~~~[m[K
[2.115s] [01m[K/home/barakooda/ros2_ws/src/my_cpp_pkg/src/add_two_ints_client_no_opp.cpp:37:9:[m[K [01;31m[Kerror: [m[Ktemplate argument 1 is invalid
[2.115s]    37 |         [01;31m[KRCLCPP_ERROR[m[K(node->get_logger(), "Failed to call service add_two_ints");
[2.115s]       |         [01;31m[K^~~~~~~~~~~~[m[K
[2.115s] [01m[K/home/barakooda/ros2_ws/src/my_cpp_pkg/src/add_two_ints_client_no_opp.cpp:37:9:[m[K [01;31m[Kerror: [m[Kâ€˜[01m[K<declaration error>[m[Kâ€™ is not a template [[01;31m[K]8;;https://gcc.gnu.org/onlinedocs/gcc/Warning-Options.html#index-fpermissive-fpermissive]8;;[m[K]
[2.115s]    37 |         [01;31m[KRCLCPP_ERROR[m[K(node->get_logger(), "Failed to call service add_two_ints");
[2.115s]       |         [01;31m[K^~~~~~~~~~~~[m[K
[2.115s] [01m[K/home/barakooda/ros2_ws/src/my_cpp_pkg/src/add_two_ints_client_no_opp.cpp:37:9:[m[K [01;31m[Kerror: [m[Ktemplate argument 1 is invalid
[2.115s]    37 |         [01;31m[KRCLCPP_ERROR[m[K(node->get_logger(), "Failed to call service add_two_ints");
[2.115s]       |         [01;31m[K^~~~~~~~~~~~[m[K
[2.115s] [01m[K/home/barakooda/ros2_ws/src/my_cpp_pkg/src/add_two_ints_client_no_opp.cpp:37:9:[m[K [01;31m[Kerror: [m[Kâ€˜[01m[K<declaration error>[m[Kâ€™ is not a template [[01;31m[K]8;;https://gcc.gnu.org/onlinedocs/gcc/Warning-Options.html#index-fpermissive-fpermissive]8;;[m[K]
[2.115s]    37 |         [01;31m[KRCLCPP_ERROR[m[K(node->get_logger(), "Failed to call service add_two_ints");
[2.115s]       |         [01;31m[K^~~~~~~~~~~~[m[K
[2.115s] [01m[K/home/barakooda/ros2_ws/src/my_cpp_pkg/src/add_two_ints_client_no_opp.cpp:37:9:[m[K [01;31m[Kerror: [m[Ktemplate argument 1 is invalid
[2.115s]    37 |         [01;31m[KRCLCPP_ERROR[m[K(node->get_logger(), "Failed to call service add_two_ints");
[2.115s]       |         [01;31m[K^~~~~~~~~~~~[m[K
[2.405s] gmake[2]: *** [CMakeFiles/add_two_ints_client_no_opp.dir/build.make:76: CMakeFiles/add_two_ints_client_no_opp.dir/src/add_two_ints_client_no_opp.cpp.o] Error 1
[2.405s] gmake[1]: *** [CMakeFiles/Makefile2:305: CMakeFiles/add_two_ints_client_no_opp.dir/all] Error 2
[2.405s] gmake: *** [Makefile:146: all] Error 2
[2.407s] Invoked command in '/home/barakooda/ros2_ws/build/my_cpp_pkg' returned '2': CMAKE_PREFIX_PATH=${CMAKE_PREFIX_PATH}:/home/barakooda/ros2_ws/install/my_py_pkg:/opt/ros/humble /usr/bin/cmake --build /home/barakooda/ros2_ws/build/my_cpp_pkg -- -j8 -l8
