[0.040s] Invoking command in '/home/barakooda/ros2_ws/build/my_cpp_pkg': CMAKE_PREFIX_PATH=${CMAKE_PREFIX_PATH}:/home/barakooda/ros2_ws/install/my_py_pkg:/opt/ros/humble /usr/bin/cmake --build /home/barakooda/ros2_ws/build/my_cpp_pkg -- -j8 -l8
[0.078s] [ 27%] Built target number_publisher
[0.078s] [ 27%] Built target smartphone
[0.078s] [ 50%] Built target add_two_ints_client
[0.078s] [ 61%] Built target add_two_ints_server
[0.078s] [ 61%] Built target number_counter
[0.080s] [ 66%] Built target robot_news_station
[0.081s] [ 77%] Built target cpp_node
[0.082s] [ 88%] Built target add_two_ints_client_no_opp
[0.090s] [ 94%] [32m[1mLinking CXX executable hardware_status_publisher[0m
[0.122s] /usr/bin/ld: /usr/lib/gcc/x86_64-linux-gnu/11/../../../x86_64-linux-gnu/Scrt1.o: in function `_start':
[0.122s] (.text+0x1b): undefined reference to `main'
[0.123s] collect2: error: ld returned 1 exit status
[0.125s] gmake[2]: *** [CMakeFiles/hardware_status_publisher.dir/build.make:159: hardware_status_publisher] Error 1
[0.125s] gmake[1]: *** [CMakeFiles/Makefile2:361: CMakeFiles/hardware_status_publisher.dir/all] Error 2
[0.125s] gmake: *** [Makefile:146: all] Error 2
[0.128s] Invoked command in '/home/barakooda/ros2_ws/build/my_cpp_pkg' returned '2': CMAKE_PREFIX_PATH=${CMAKE_PREFIX_PATH}:/home/barakooda/ros2_ws/install/my_py_pkg:/opt/ros/humble /usr/bin/cmake --build /home/barakooda/ros2_ws/build/my_cpp_pkg -- -j8 -l8
