[0.042s] Invoking command in '/home/barakooda/ros2_ws/build/my_cpp_pkg': CMAKE_PREFIX_PATH=${CMAKE_PREFIX_PATH}:/home/barakooda/ros2_ws/install/my_py_pkg:/opt/ros/humble /usr/bin/cmake --build /home/barakooda/ros2_ws/build/my_cpp_pkg -- -j8 -l8
[0.059s] -- Found ament_cmake: 1.3.7 (/opt/ros/humble/share/ament_cmake/cmake)
[0.158s] -- Found rclcpp: 16.0.8 (/opt/ros/humble/share/rclcpp/cmake)
[0.176s] -- Found rosidl_generator_c: 3.1.5 (/opt/ros/humble/share/rosidl_generator_c/cmake)
[0.177s] -- Found rosidl_adapter: 3.1.5 (/opt/ros/humble/share/rosidl_adapter/cmake)
[0.181s] -- Found rosidl_generator_cpp: 3.1.5 (/opt/ros/humble/share/rosidl_generator_cpp/cmake)
[0.188s] -- Using all available rosidl_typesupport_c: rosidl_typesupport_fastrtps_c;rosidl_typesupport_introspection_c
[0.197s] -- Using all available rosidl_typesupport_cpp: rosidl_typesupport_fastrtps_cpp;rosidl_typesupport_introspection_cpp
[0.233s] -- Found rmw_implementation_cmake: 6.1.1 (/opt/ros/humble/share/rmw_implementation_cmake/cmake)
[0.233s] -- Found rmw_fastrtps_cpp: 6.2.6 (/opt/ros/humble/share/rmw_fastrtps_cpp/cmake)
[0.306s] -- Using RMW implementation 'rmw_fastrtps_cpp' as default
[0.404s] -- Found example_interfaces: 0.9.3 (/opt/ros/humble/share/example_interfaces/cmake)
[0.499s] -- Found my_robot_interfaces: 0.0.0 (/home/barakooda/ros2_ws/install/my_robot_interfaces/share/my_robot_interfaces/cmake)
[0.566s] -- Configuring done
[0.589s] -- Generating done
[0.591s] -- Build files have been written to: /home/barakooda/ros2_ws/build/my_cpp_pkg
[0.608s] [35m[1mConsolidate compiler generated dependencies of target smartphone[0m
[0.608s] [35m[1mConsolidate compiler generated dependencies of target number_publisher[0m
[0.609s] [35m[1mConsolidate compiler generated dependencies of target number_counter[0m
[0.609s] [35m[1mConsolidate compiler generated dependencies of target add_two_ints_client_no_opp[0m
[0.609s] [35m[1mConsolidate compiler generated dependencies of target robot_news_station[0m
[0.609s] [35m[1mConsolidate compiler generated dependencies of target add_two_ints_server[0m
[0.609s] [35m[1mConsolidate compiler generated dependencies of target add_two_ints_client[0m
[0.614s] [35m[1mConsolidate compiler generated dependencies of target cpp_node[0m
[0.626s] [ 22%] Built target number_publisher
[0.626s] [ 33%] Built target smartphone
[0.626s] [ 33%] Built target robot_news_station
[0.627s] [ 44%] Built target number_counter
[0.628s] [ 55%] Built target add_two_ints_server
[0.630s] [ 66%] Built target add_two_ints_client
[0.632s] [ 77%] Built target cpp_node
[0.633s] [ 88%] Built target add_two_ints_client_no_opp
[0.633s] [35m[1mConsolidate compiler generated dependencies of target hardware_status_publisher[0m
[0.641s] [ 94%] [32m[1mLinking CXX executable hardware_status_publisher[0m
[0.680s] /usr/bin/ld: /usr/lib/gcc/x86_64-linux-gnu/11/../../../x86_64-linux-gnu/Scrt1.o: in function `_start':
[0.680s] (.text+0x1b): undefined reference to `main'
[0.682s] collect2: error: ld returned 1 exit status
[0.683s] gmake[2]: *** [CMakeFiles/hardware_status_publisher.dir/build.make:159: hardware_status_publisher] Error 1
[0.683s] gmake[1]: *** [CMakeFiles/Makefile2:361: CMakeFiles/hardware_status_publisher.dir/all] Error 2
[0.684s] gmake: *** [Makefile:146: all] Error 2
[0.685s] Invoked command in '/home/barakooda/ros2_ws/build/my_cpp_pkg' returned '2': CMAKE_PREFIX_PATH=${CMAKE_PREFIX_PATH}:/home/barakooda/ros2_ws/install/my_py_pkg:/opt/ros/humble /usr/bin/cmake --build /home/barakooda/ros2_ws/build/my_cpp_pkg -- -j8 -l8
