[0.052s] Invoking command in '/home/barakooda/ros2_ws/build/my_cpp_pkg': CMAKE_PREFIX_PATH=${CMAKE_PREFIX_PATH}:/home/barakooda/ros2_ws/install/my_py_pkg:/opt/ros/humble /usr/bin/cmake --build /home/barakooda/ros2_ws/build/my_cpp_pkg -- -j8 -l8
[0.108s] [ 11%] Built target robot_news_station
[0.109s] [ 33%] Built target cpp_node
[0.109s] [ 33%] Built target number_publisher
[0.111s] [ 44%] Built target smartphone
[0.114s] [ 55%] Built target add_two_ints_client_no_opp
[0.116s] [ 77%] Built target number_counter
[0.116s] [ 77%] Built target add_two_ints_client
[0.117s] [35m[1mConsolidate compiler generated dependencies of target hw_status_publisher[0m
[0.118s] [ 88%] Built target add_two_ints_server
[0.124s] [ 94%] [32mBuilding CXX object CMakeFiles/hw_status_publisher.dir/src/hw_status_publisher.cpp.o[0m
[0.266s] [01m[K/home/barakooda/ros2_ws/src/my_cpp_pkg/src/hw_status_publisher.cpp:2:10:[m[K [01;31m[Kfatal error: [m[Kmy_robot_interfaces/msg/hw_status.hpp: No such file or directory
[0.266s]     2 | #include [01;31m[K"my_robot_interfaces/msg/hw_status.hpp"[m[K // ADD MISSING INCLUDE
[0.267s]       |          [01;31m[K^~~~~~~~~~~~~~~~~~~~~~~~~~~~~~~~~~~~~~~[m[K
[0.267s] compilation terminated.
[0.268s] gmake[2]: *** [CMakeFiles/hw_status_publisher.dir/build.make:76: CMakeFiles/hw_status_publisher.dir/src/hw_status_publisher.cpp.o] Error 1
[0.268s] gmake[1]: *** [CMakeFiles/Makefile2:361: CMakeFiles/hw_status_publisher.dir/all] Error 2
[0.269s] gmake: *** [Makefile:146: all] Error 2
[0.270s] Invoked command in '/home/barakooda/ros2_ws/build/my_cpp_pkg' returned '2': CMAKE_PREFIX_PATH=${CMAKE_PREFIX_PATH}:/home/barakooda/ros2_ws/install/my_py_pkg:/opt/ros/humble /usr/bin/cmake --build /home/barakooda/ros2_ws/build/my_cpp_pkg -- -j8 -l8
