[0.000000] (-) TimerEvent: {}
[0.001220] (-) JobUnselected: {'identifier': 'my_py_pkg'}
[0.001260] (my_cpp_pkg) JobQueued: {'identifier': 'my_cpp_pkg', 'dependencies': OrderedDict()}
[0.001287] (my_cpp_pkg) JobStarted: {'identifier': 'my_cpp_pkg'}
[0.048010] (my_cpp_pkg) JobProgress: {'identifier': 'my_cpp_pkg', 'progress': 'cmake'}
[0.048943] (my_cpp_pkg) JobProgress: {'identifier': 'my_cpp_pkg', 'progress': 'build'}
[0.049599] (my_cpp_pkg) Command: {'cmd': ['/usr/bin/cmake', '--build', '/home/barakooda/ros2_ws/build/my_cpp_pkg', '--', '-j8', '-l8'], 'cwd': '/home/barakooda/ros2_ws/build/my_cpp_pkg', 'env': OrderedDict([('GJS_DEBUG_TOPICS', 'JS ERROR;JS LOG'), ('LESSOPEN', '| /usr/bin/lesspipe %s'), ('LANGUAGE', 'en_IL:en'), ('USER', 'barakooda'), ('XDG_SESSION_TYPE', 'wayland'), ('SHLVL', '1'), ('LD_LIBRARY_PATH', '/opt/ros/humble/opt/rviz_ogre_vendor/lib:/opt/ros/humble/lib/x86_64-linux-gnu:/opt/ros/humble/lib'), ('HOME', '/home/barakooda'), ('OLDPWD', '/home/barakooda/ros2_ws/src'), ('DESKTOP_SESSION', 'ubuntu'), ('GIO_LAUNCHED_DESKTOP_FILE', '/usr/share/applications/terminator.desktop'), ('ROS_PYTHON_VERSION', '3'), ('GNOME_SHELL_SESSION_MODE', 'ubuntu'), ('GTK_MODULES', 'gail:atk-bridge'), ('MANAGERPID', '1146'), ('SYSTEMD_EXEC_PID', '1330'), ('DBUS_SESSION_BUS_ADDRESS', 'unix:path=/run/user/1000/bus'), ('COLORTERM', 'truecolor'), ('TERMINATOR_DBUS_NAME', 'net.tenshu.Terminator25ef4b219e3b005583550f2b0f9f990c3'), ('GIO_LAUNCHED_DESKTOP_FILE_PID', '2782'), ('IM_CONFIG_PHASE', '1'), ('WAYLAND_DISPLAY', 'wayland-0'), ('COLCON_PREFIX_PATH', '/home/barakooda/ros2_ws/install'), ('ROS_DISTRO', 'humble'), ('LOGNAME', 'barakooda'), ('JOURNAL_STREAM', '8:20395'), ('_', '/usr/bin/colcon'), ('ROS_VERSION', '2'), ('XDG_SESSION_CLASS', 'user'), ('USERNAME', 'barakooda'), ('TERM', 'xterm-256color'), ('GNOME_DESKTOP_SESSION_ID', 'this-is-deprecated'), ('ROS_LOCALHOST_ONLY', '0'), ('PATH', '/opt/ros/humble/bin:/usr/local/sbin:/usr/local/bin:/usr/sbin:/usr/bin:/sbin:/bin:/usr/games:/usr/local/games:/snap/bin:/snap/bin'), ('SESSION_MANAGER', 'local/vm:@/tmp/.ICE-unix/1278,unix/vm:/tmp/.ICE-unix/1278'), ('INVOCATION_ID', 'd1d016a36b4d4cf9abdf6ec738f02f54'), ('XDG_MENU_PREFIX', 'gnome-'), ('GNOME_SETUP_DISPLAY', ':1'), ('XDG_RUNTIME_DIR', '/run/user/1000'), ('DISPLAY', ':0'), ('TERMINATOR_DBUS_PATH', '/net/tenshu/Terminator2'), ('LANG', 'en_IL.UTF-8'), ('XDG_CURRENT_DESKTOP', 'ubuntu:GNOME'), ('IBUS_DISABLE_SNOOPER', '1'), ('XMODIFIERS', '@im=ibus'), ('XDG_SESSION_DESKTOP', 'ubuntu'), ('XAUTHORITY', '/run/user/1000/.mutter-Xwaylandauth.ZTO4H2'), ('LS_COLORS', 'rs=0:di=01;34:ln=01;36:mh=00:pi=40;33:so=01;35:do=01;35:bd=40;33;01:cd=40;33;01:or=40;31;01:mi=00:su=37;41:sg=30;43:ca=30;41:tw=30;42:ow=34;42:st=37;44:ex=01;32:*.tar=01;31:*.tgz=01;31:*.arc=01;31:*.arj=01;31:*.taz=01;31:*.lha=01;31:*.lz4=01;31:*.lzh=01;31:*.lzma=01;31:*.tlz=01;31:*.txz=01;31:*.tzo=01;31:*.t7z=01;31:*.zip=01;31:*.z=01;31:*.dz=01;31:*.gz=01;31:*.lrz=01;31:*.lz=01;31:*.lzo=01;31:*.xz=01;31:*.zst=01;31:*.tzst=01;31:*.bz2=01;31:*.bz=01;31:*.tbz=01;31:*.tbz2=01;31:*.tz=01;31:*.deb=01;31:*.rpm=01;31:*.jar=01;31:*.war=01;31:*.ear=01;31:*.sar=01;31:*.rar=01;31:*.alz=01;31:*.ace=01;31:*.zoo=01;31:*.cpio=01;31:*.7z=01;31:*.rz=01;31:*.cab=01;31:*.wim=01;31:*.swm=01;31:*.dwm=01;31:*.esd=01;31:*.jpg=01;35:*.jpeg=01;35:*.mjpg=01;35:*.mjpeg=01;35:*.gif=01;35:*.bmp=01;35:*.pbm=01;35:*.pgm=01;35:*.ppm=01;35:*.tga=01;35:*.xbm=01;35:*.xpm=01;35:*.tif=01;35:*.tiff=01;35:*.png=01;35:*.svg=01;35:*.svgz=01;35:*.mng=01;35:*.pcx=01;35:*.mov=01;35:*.mpg=01;35:*.mpeg=01;35:*.m2v=01;35:*.mkv=01;35:*.webm=01;35:*.webp=01;35:*.ogm=01;35:*.mp4=01;35:*.m4v=01;35:*.mp4v=01;35:*.vob=01;35:*.qt=01;35:*.nuv=01;35:*.wmv=01;35:*.asf=01;35:*.rm=01;35:*.rmvb=01;35:*.flc=01;35:*.avi=01;35:*.fli=01;35:*.flv=01;35:*.gl=01;35:*.dl=01;35:*.xcf=01;35:*.xwd=01;35:*.yuv=01;35:*.cgm=01;35:*.emf=01;35:*.ogv=01;35:*.ogx=01;35:*.aac=00;36:*.au=00;36:*.flac=00;36:*.m4a=00;36:*.mid=00;36:*.midi=00;36:*.mka=00;36:*.mp3=00;36:*.mpc=00;36:*.ogg=00;36:*.ra=00;36:*.wav=00;36:*.oga=00;36:*.opus=00;36:*.spx=00;36:*.xspf=00;36:'), ('SSH_AGENT_LAUNCHER', 'gnome-keyring'), ('SSH_AUTH_SOCK', '/run/user/1000/keyring/ssh'), ('AMENT_PREFIX_PATH', '/home/barakooda/ros2_ws/install/my_py_pkg:/home/barakooda/ros2_ws/install/my_cpp_pkg:/opt/ros/humble'), ('SHELL', '/bin/bash'), ('TERMINATOR_UUID', 'urn:uuid:2fd008fc-be68-4f8e-8d4d-3d13d491f4ff'), ('QT_ACCESSIBILITY', '1'), ('GDMSESSION', 'ubuntu'), ('LESSCLOSE', '/usr/bin/lesspipe %s %s'), ('GJS_DEBUG_OUTPUT', 'stderr'), ('QT_IM_MODULE', 'ibus'), ('PWD', '/home/barakooda/ros2_ws/build/my_cpp_pkg'), ('LC_ALL', 'en_IL.UTF-8'), ('XDG_CONFIG_DIRS', '/etc/xdg/xdg-ubuntu:/etc/xdg'), ('XDG_DATA_DIRS', '/usr/share/ubuntu:/usr/local/share/:/usr/share/:/var/lib/snapd/desktop'), ('PYTHONPATH', '/home/barakooda/ros2_ws/build/my_py_pkg:/home/barakooda/ros2_ws/install/my_py_pkg/lib/python3.10/site-packages:/opt/ros/humble/lib/python3.10/site-packages:/opt/ros/humble/local/lib/python3.10/dist-packages'), ('COLCON', '1'), ('VTE_VERSION', '6800'), ('CMAKE_PREFIX_PATH', '/home/barakooda/ros2_ws/install/my_cpp_pkg:/home/barakooda/ros2_ws/install/my_py_pkg:/opt/ros/humble')]), 'shell': False}
[0.080516] (my_cpp_pkg) StdoutLine: {'line': b'-- Found ament_cmake: 1.3.7 (/opt/ros/humble/share/ament_cmake/cmake)\n'}
[0.100343] (-) TimerEvent: {}
[0.201342] (-) TimerEvent: {}
[0.222578] (my_cpp_pkg) StdoutLine: {'line': b'-- Found rclcpp: 16.0.8 (/opt/ros/humble/share/rclcpp/cmake)\n'}
[0.258353] (my_cpp_pkg) StdoutLine: {'line': b'-- Found rosidl_generator_c: 3.1.5 (/opt/ros/humble/share/rosidl_generator_c/cmake)\n'}
[0.259878] (my_cpp_pkg) StdoutLine: {'line': b'-- Found rosidl_adapter: 3.1.5 (/opt/ros/humble/share/rosidl_adapter/cmake)\n'}
[0.264358] (my_cpp_pkg) StdoutLine: {'line': b'-- Found rosidl_generator_cpp: 3.1.5 (/opt/ros/humble/share/rosidl_generator_cpp/cmake)\n'}
[0.272955] (my_cpp_pkg) StdoutLine: {'line': b'-- Using all available rosidl_typesupport_c: rosidl_typesupport_fastrtps_c;rosidl_typesupport_introspection_c\n'}
[0.285040] (my_cpp_pkg) StdoutLine: {'line': b'-- Using all available rosidl_typesupport_cpp: rosidl_typesupport_fastrtps_cpp;rosidl_typesupport_introspection_cpp\n'}
[0.302930] (-) TimerEvent: {}
[0.328303] (my_cpp_pkg) StdoutLine: {'line': b'-- Found rmw_implementation_cmake: 6.1.1 (/opt/ros/humble/share/rmw_implementation_cmake/cmake)\n'}
[0.329351] (my_cpp_pkg) StdoutLine: {'line': b'-- Found rmw_fastrtps_cpp: 6.2.6 (/opt/ros/humble/share/rmw_fastrtps_cpp/cmake)\n'}
[0.403305] (-) TimerEvent: {}
[0.431434] (my_cpp_pkg) StdoutLine: {'line': b"-- Using RMW implementation 'rmw_fastrtps_cpp' as default\n"}
[0.503498] (-) TimerEvent: {}
[0.556027] (my_cpp_pkg) StdoutLine: {'line': b'-- Found example_interfaces: 0.9.3 (/opt/ros/humble/share/example_interfaces/cmake)\n'}
[0.603776] (-) TimerEvent: {}
[0.704432] (-) TimerEvent: {}
[0.717937] (my_cpp_pkg) StdoutLine: {'line': b'-- Configuring done\n'}
[0.745917] (my_cpp_pkg) StdoutLine: {'line': b'-- Generating done\n'}
[0.750666] (my_cpp_pkg) StdoutLine: {'line': b'-- Build files have been written to: /home/barakooda/ros2_ws/build/my_cpp_pkg\n'}
[0.773777] (my_cpp_pkg) StdoutLine: {'line': b'\x1b[35m\x1b[1mConsolidate compiler generated dependencies of target smartphone\x1b[0m\n'}
[0.774055] (my_cpp_pkg) StdoutLine: {'line': b'\x1b[35m\x1b[1mConsolidate compiler generated dependencies of target robot_news_station\x1b[0m\n'}
[0.774611] (my_cpp_pkg) StdoutLine: {'line': b'\x1b[35m\x1b[1mConsolidate compiler generated dependencies of target cpp_node\x1b[0m\n'}
[0.782195] (my_cpp_pkg) StdoutLine: {'line': b'[ 12%] \x1b[32mBuilding CXX object CMakeFiles/number_publisher.dir/src/number_publisher.cpp.o\x1b[0m\n'}
[0.790927] (my_cpp_pkg) StdoutLine: {'line': b'[ 37%] Built target smartphone\n'}
[0.791243] (my_cpp_pkg) StdoutLine: {'line': b'[ 62%] Built target robot_news_station\n'}
[0.796805] (my_cpp_pkg) StdoutLine: {'line': b'[ 87%] Built target cpp_node\n'}
[0.805153] (-) TimerEvent: {}
[0.905744] (-) TimerEvent: {}
[1.006557] (-) TimerEvent: {}
[1.106995] (-) TimerEvent: {}
[1.208065] (-) TimerEvent: {}
[1.308877] (-) TimerEvent: {}
[1.410018] (-) TimerEvent: {}
[1.510974] (-) TimerEvent: {}
[1.611714] (-) TimerEvent: {}
[1.713094] (-) TimerEvent: {}
[1.813525] (-) TimerEvent: {}
[1.915100] (-) TimerEvent: {}
[2.016875] (-) TimerEvent: {}
[2.118755] (-) TimerEvent: {}
[2.220286] (-) TimerEvent: {}
[2.321769] (-) TimerEvent: {}
[2.425275] (-) TimerEvent: {}
[2.526379] (-) TimerEvent: {}
[2.628808] (-) TimerEvent: {}
[2.694405] (my_cpp_pkg) StderrLine: {'line': b'\x1b[01m\x1b[K/home/barakooda/ros2_ws/src/my_cpp_pkg/src/number_publisher.cpp:22:5:\x1b[m\x1b[K \x1b[01;31m\x1b[Kerror: \x1b[m\x1b[Knon-static data member declared with placeholder \xe2\x80\x98\x1b[01m\x1b[Kauto\x1b[m\x1b[K\xe2\x80\x99\n'}
[2.694676] (my_cpp_pkg) StderrLine: {'line': b'   22 |     \x1b[01;31m\x1b[Kauto\x1b[m\x1b[K message_ = example_interfaces::msg::Int64();\n'}
[2.694724] (my_cpp_pkg) StderrLine: {'line': b'      |     \x1b[01;31m\x1b[K^~~~\x1b[m\x1b[K\n'}
[2.694763] (my_cpp_pkg) StderrLine: {'line': b'\x1b[01m\x1b[K/home/barakooda/ros2_ws/src/my_cpp_pkg/src/number_publisher.cpp:25:5:\x1b[m\x1b[K \x1b[01;31m\x1b[Kerror: \x1b[m\x1b[KISO C++ forbids declaration of \xe2\x80\x98\x1b[01m\x1b[Kpublish_number\x1b[m\x1b[K\xe2\x80\x99 with no type [\x1b[01;31m\x1b[K\x1b]8;;https://gcc.gnu.org/onlinedocs/gcc/Warning-Options.html#index-fpermissive\x07-fpermissive\x1b]8;;\x07\x1b[m\x1b[K]\n'}
[2.694811] (my_cpp_pkg) StderrLine: {'line': b'   25 |     \x1b[01;31m\x1b[Kpublish_number\x1b[m\x1b[K()\n'}
[2.694848] (my_cpp_pkg) StderrLine: {'line': b'      |     \x1b[01;31m\x1b[K^~~~~~~~~~~~~~\x1b[m\x1b[K\n'}
[2.696662] (my_cpp_pkg) StderrLine: {'line': b'\x1b[01m\x1b[K/home/barakooda/ros2_ws/src/my_cpp_pkg/src/number_publisher.cpp:\x1b[m\x1b[K In constructor \xe2\x80\x98\x1b[01m\x1b[KNumberPublisherNode::NumberPublisherNode()\x1b[m\x1b[K\xe2\x80\x99:\n'}
[2.696836] (my_cpp_pkg) StderrLine: {'line': b'\x1b[01m\x1b[K/home/barakooda/ros2_ws/src/my_cpp_pkg/src/number_publisher.cpp:12:107:\x1b[m\x1b[K \x1b[01;31m\x1b[Kerror: \x1b[m\x1b[K\xe2\x80\x98\x1b[01m\x1b[KpublishNumber\x1b[m\x1b[K\xe2\x80\x99 is not a member of \xe2\x80\x98\x1b[01m\x1b[KNumberPublisherNode\x1b[m\x1b[K\xe2\x80\x99\n'}
[2.696919] (my_cpp_pkg) StderrLine: {'line': b'   12 |         timer_ = this->create_wall_timer(std::chrono::milliseconds(1000), std::bind(&NumberPublisherNode::\x1b[01;31m\x1b[KpublishNumber\x1b[m\x1b[K, this));\n'}
[2.698112] (my_cpp_pkg) StderrLine: {'line': b'      |                                                                                                           \x1b[01;31m\x1b[K^~~~~~~~~~~~~\x1b[m\x1b[K\n'}
[2.700692] (my_cpp_pkg) StderrLine: {'line': b'\x1b[01m\x1b[K/home/barakooda/ros2_ws/src/my_cpp_pkg/src/number_publisher.cpp:13:9:\x1b[m\x1b[K \x1b[01;31m\x1b[Kerror: \x1b[m\x1b[K\xe2\x80\x98\x1b[01m\x1b[Kmessage\x1b[m\x1b[K\xe2\x80\x99 was not declared in this scope; did you mean \xe2\x80\x98\x1b[01m\x1b[Kmessage_\x1b[m\x1b[K\xe2\x80\x99?\n'}
[2.700856] (my_cpp_pkg) StderrLine: {'line': b'   13 |         \x1b[01;31m\x1b[Kmessage\x1b[m\x1b[K.data = 1;\n'}
[2.700903] (my_cpp_pkg) StderrLine: {'line': b'      |         \x1b[01;31m\x1b[K^~~~~~~\x1b[m\x1b[K\n'}
[2.700940] (my_cpp_pkg) StderrLine: {'line': b'      |         \x1b[32m\x1b[Kmessage_\x1b[m\x1b[K\n'}
[2.706186] (my_cpp_pkg) StderrLine: {'line': b'\x1b[01m\x1b[K/home/barakooda/ros2_ws/src/my_cpp_pkg/src/number_publisher.cpp:\x1b[m\x1b[K In member function \xe2\x80\x98\x1b[01m\x1b[Kint NumberPublisherNode::publish_number()\x1b[m\x1b[K\xe2\x80\x99:\n'}
[2.706436] (my_cpp_pkg) StderrLine: {'line': b'\x1b[01m\x1b[K/home/barakooda/ros2_ws/src/my_cpp_pkg/src/number_publisher.cpp:27:29:\x1b[m\x1b[K \x1b[01;31m\x1b[Kerror: \x1b[m\x1b[K\xe2\x80\x98\x1b[01m\x1b[Kmessage\x1b[m\x1b[K\xe2\x80\x99 was not declared in this scope; did you mean \xe2\x80\x98\x1b[01m\x1b[Kmessage_\x1b[m\x1b[K\xe2\x80\x99?\n'}
[2.706500] (my_cpp_pkg) StderrLine: {'line': b'   27 |         publisher_->publish(\x1b[01;31m\x1b[Kmessage\x1b[m\x1b[K);\n'}
[2.706542] (my_cpp_pkg) StderrLine: {'line': b'      |                             \x1b[01;31m\x1b[K^~~~~~~\x1b[m\x1b[K\n'}
[2.706580] (my_cpp_pkg) StderrLine: {'line': b'      |                             \x1b[32m\x1b[Kmessage_\x1b[m\x1b[K\n'}
[2.706622] (my_cpp_pkg) StderrLine: {'line': b'\x1b[01m\x1b[K/home/barakooda/ros2_ws/src/my_cpp_pkg/src/number_publisher.cpp:28:5:\x1b[m\x1b[K \x1b[01;35m\x1b[Kwarning: \x1b[m\x1b[Kno return statement in function returning non-void [\x1b[01;35m\x1b[K\x1b]8;;https://gcc.gnu.org/onlinedocs/gcc/Warning-Options.html#index-Wreturn-type\x07-Wreturn-type\x1b]8;;\x07\x1b[m\x1b[K]\n'}
[2.706663] (my_cpp_pkg) StderrLine: {'line': b'   28 |     \x1b[01;35m\x1b[K}\x1b[m\x1b[K\n'}
[2.706702] (my_cpp_pkg) StderrLine: {'line': b'      |     \x1b[01;35m\x1b[K^\x1b[m\x1b[K\n'}
[2.731097] (-) TimerEvent: {}
[2.833071] (-) TimerEvent: {}
[2.935087] (-) TimerEvent: {}
[3.035801] (-) TimerEvent: {}
[3.136851] (-) TimerEvent: {}
[3.238713] (-) TimerEvent: {}
[3.299985] (my_cpp_pkg) StderrLine: {'line': b'gmake[2]: *** [CMakeFiles/number_publisher.dir/build.make:76: CMakeFiles/number_publisher.dir/src/number_publisher.cpp.o] Error 1\n'}
[3.300269] (my_cpp_pkg) StderrLine: {'line': b'gmake[1]: *** [CMakeFiles/Makefile2:221: CMakeFiles/number_publisher.dir/all] Error 2\n'}
[3.300347] (my_cpp_pkg) StderrLine: {'line': b'gmake: *** [Makefile:146: all] Error 2\n'}
[3.302354] (my_cpp_pkg) CommandEnded: {'returncode': 2}
[3.338926] (-) TimerEvent: {}
[3.388627] (my_cpp_pkg) JobEnded: {'identifier': 'my_cpp_pkg', 'rc': 2}
[3.389445] (-) EventReactorShutdown: {}
