[0.043s] Invoking command in '/home/barakooda/ros2_ws/build/my_cpp_pkg': CMAKE_PREFIX_PATH=${CMAKE_PREFIX_PATH}:/home/barakooda/ros2_ws/install/my_py_pkg:/opt/ros/humble /usr/bin/cmake --build /home/barakooda/ros2_ws/build/my_cpp_pkg -- -j8 -l8
[0.068s] -- Found ament_cmake: 1.3.6 (/opt/ros/humble/share/ament_cmake/cmake)
[0.176s] -- Found rclcpp: 16.0.7 (/opt/ros/humble/share/rclcpp/cmake)
[0.196s] -- Found rosidl_generator_c: 3.1.5 (/opt/ros/humble/share/rosidl_generator_c/cmake)
[0.198s] -- Found rosidl_adapter: 3.1.5 (/opt/ros/humble/share/rosidl_adapter/cmake)
[0.202s] -- Found rosidl_generator_cpp: 3.1.5 (/opt/ros/humble/share/rosidl_generator_cpp/cmake)
[0.209s] -- Using all available rosidl_typesupport_c: rosidl_typesupport_fastrtps_c;rosidl_typesupport_introspection_c
[0.220s] -- Using all available rosidl_typesupport_cpp: rosidl_typesupport_fastrtps_cpp;rosidl_typesupport_introspection_cpp
[0.260s] -- Found rmw_implementation_cmake: 6.1.1 (/opt/ros/humble/share/rmw_implementation_cmake/cmake)
[0.261s] -- Found rmw_fastrtps_cpp: 6.2.5 (/opt/ros/humble/share/rmw_fastrtps_cpp/cmake)
[0.344s] -- Using RMW implementation 'rmw_fastrtps_cpp' as default
[0.461s] -- Found example_interfaces: 0.9.3 (/opt/ros/humble/share/example_interfaces/cmake)
[0.607s] -- Configuring done
[0.622s] -- Generating done
[0.622s] -- Build files have been written to: /home/barakooda/ros2_ws/build/my_cpp_pkg
[0.643s] [35m[1mConsolidate compiler generated dependencies of target robot_news_station[0m
[0.643s] [35m[1mConsolidate compiler generated dependencies of target cpp_node[0m
[0.649s] [ 16%] [32mBuilding CXX object CMakeFiles/smartphone.dir/src/smartphone.cpp.o[0m
[0.662s] [ 50%] Built target robot_news_station
[0.662s] [ 83%] Built target cpp_node
[3.424s] [01m[K/home/barakooda/ros2_ws/src/my_cpp_pkg/src/smartphone.cpp:7:5:[m[K [01;31m[Kerror: [m[KISO C++ forbids declaration of â€˜[01m[KMyCustomNode[m[Kâ€™ with no type [[01;31m[K]8;;https://gcc.gnu.org/onlinedocs/gcc/Warning-Options.html#index-fpermissive-fpermissive]8;;[m[K]
[3.424s]     7 |     [01;31m[KMyCustomNode[m[K() : Node("smartphone") // MODIFY NAME
[3.424s]       |     [01;31m[K^~~~~~~~~~~~[m[K
[3.463s] [01m[K/home/barakooda/ros2_ws/src/my_cpp_pkg/src/smartphone.cpp:[m[K In member function â€˜[01m[Kint SmartphoneNode::MyCustomNode()[m[Kâ€™:
[3.463s] [01m[K/home/barakooda/ros2_ws/src/my_cpp_pkg/src/smartphone.cpp:7:22:[m[K [01;31m[Kerror: [m[Konly constructors take member initializers
[3.463s]     7 |     MyCustomNode() : [01;31m[KNode[m[K("smartphone") // MODIFY NAME
[3.463s]       |                      [01;31m[K^~~~[m[K
[3.473s] [01m[K/home/barakooda/ros2_ws/src/my_cpp_pkg/src/smartphone.cpp:9:9:[m[K [01;31m[Kerror: [m[Kâ€˜[01m[Ksubscriber_[m[Kâ€™ was not declared in this scope; did you mean â€˜[01m[Ksubscription_[m[Kâ€™?
[3.473s]     9 |         [01;31m[Ksubscriber_[m[K = this->create_subscription<example_interfaces::msg::String>(
[3.473s]       |         [01;31m[K^~~~~~~~~~~[m[K
[3.473s]       |         [32m[Ksubscription_[m[K
[3.489s] [01m[K/home/barakooda/ros2_ws/src/my_cpp_pkg/src/smartphone.cpp:16:5:[m[K [01;35m[Kwarning: [m[Kno return statement in function returning non-void [[01;35m[K]8;;https://gcc.gnu.org/onlinedocs/gcc/Warning-Options.html#index-Wreturn-type-Wreturn-type]8;;[m[K]
[3.489s]    16 |     [01;35m[K}[m[K
[3.489s]       |     [01;35m[K^[m[K
[3.489s] [01m[K/home/barakooda/ros2_ws/src/my_cpp_pkg/src/smartphone.cpp:[m[K In function â€˜[01m[Kint main(int, char**)[m[Kâ€™:
[3.489s] [01m[K/home/barakooda/ros2_ws/src/my_cpp_pkg/src/smartphone.cpp:31:34:[m[K [01;31m[Kerror: [m[Kâ€˜[01m[KMyCustomNode[m[Kâ€™ was not declared in this scope
[3.490s]    31 |     auto node = std::make_shared<[01;31m[KMyCustomNode[m[K>(); // MODIFY NAME
[3.490s]       |                                  [01;31m[K^~~~~~~~~~~~[m[K
[3.490s] [01m[K/home/barakooda/ros2_ws/src/my_cpp_pkg/src/smartphone.cpp:31:47:[m[K [01;31m[Kerror: [m[Kno matching function for call to â€˜[01m[Kmake_shared<<expression error> >()[m[Kâ€™
[3.490s]    31 |     auto node = [01;31m[Kstd::make_shared<MyCustomNode>()[m[K; // MODIFY NAME
[3.490s]       |                 [01;31m[K~~~~~~~~~~~~~~~~~~~~~~~~~~~~~~^~[m[K
[3.490s] In file included from [01m[K/usr/include/c++/11/memory:77[m[K,
[3.490s]                  from [01m[K/opt/ros/humble/include/rclcpp/rclcpp/rclcpp.hpp:153[m[K,
[3.490s]                  from [01m[K/home/barakooda/ros2_ws/src/my_cpp_pkg/src/smartphone.cpp:1[m[K:
[3.490s] [01m[K/usr/include/c++/11/bits/shared_ptr.h:875:5:[m[K [01;36m[Knote: [m[Kcandidate: â€˜[01m[Ktemplate<class _Tp, class ... _Args> std::shared_ptr<_Tp> std::make_shared(_Args&& ...)[m[Kâ€™
[3.490s]   875 |     [01;36m[Kmake_shared[m[K(_Args&&... __args)
[3.490s]       |     [01;36m[K^~~~~~~~~~~[m[K
[3.490s] [01m[K/usr/include/c++/11/bits/shared_ptr.h:875:5:[m[K [01;36m[Knote: [m[K  template argument deduction/substitution failed:
[3.490s] [01m[K/home/barakooda/ros2_ws/src/my_cpp_pkg/src/smartphone.cpp:31:47:[m[K [01;31m[Kerror: [m[Ktemplate argument 1 is invalid
[3.490s]    31 |     auto node = [01;31m[Kstd::make_shared<MyCustomNode>()[m[K; // MODIFY NAME
[3.490s]       |                 [01;31m[K~~~~~~~~~~~~~~~~~~~~~~~~~~~~~~^~[m[K
[5.779s] gmake[2]: *** [CMakeFiles/smartphone.dir/build.make:76: CMakeFiles/smartphone.dir/src/smartphone.cpp.o] Error 1
[5.780s] gmake[1]: *** [CMakeFiles/Makefile2:193: CMakeFiles/smartphone.dir/all] Error 2
[5.780s] gmake: *** [Makefile:146: all] Error 2
[5.783s] Invoked command in '/home/barakooda/ros2_ws/build/my_cpp_pkg' returned '2': CMAKE_PREFIX_PATH=${CMAKE_PREFIX_PATH}:/home/barakooda/ros2_ws/install/my_py_pkg:/opt/ros/humble /usr/bin/cmake --build /home/barakooda/ros2_ws/build/my_cpp_pkg -- -j8 -l8
