[0.000000] (-) TimerEvent: {}
[0.000361] (-) JobUnselected: {'identifier': 'my_py_pkg'}
[0.000407] (my_cpp_pkg) JobQueued: {'identifier': 'my_cpp_pkg', 'dependencies': OrderedDict()}
[0.000790] (my_cpp_pkg) JobStarted: {'identifier': 'my_cpp_pkg'}
[0.045675] (my_cpp_pkg) JobProgress: {'identifier': 'my_cpp_pkg', 'progress': 'cmake'}
[0.046503] (my_cpp_pkg) JobProgress: {'identifier': 'my_cpp_pkg', 'progress': 'build'}
[0.047498] (my_cpp_pkg) Command: {'cmd': ['/usr/bin/cmake', '--build', '/home/barakooda/ros2_ws/build/my_cpp_pkg', '--', '-j8', '-l8'], 'cwd': '/home/barakooda/ros2_ws/build/my_cpp_pkg', 'env': OrderedDict([('GJS_DEBUG_TOPICS', 'JS ERROR;JS LOG'), ('LESSOPEN', '| /usr/bin/lesspipe %s'), ('LANGUAGE', 'en_IL:en'), ('USER', 'barakooda'), ('XDG_SESSION_TYPE', 'wayland'), ('SHLVL', '1'), ('LD_LIBRARY_PATH', '/opt/ros/humble/opt/rviz_ogre_vendor/lib:/opt/ros/humble/lib/x86_64-linux-gnu:/opt/ros/humble/lib'), ('HOME', '/home/barakooda'), ('OLDPWD', '/home/barakooda/ros2_ws/src'), ('DESKTOP_SESSION', 'ubuntu'), ('GIO_LAUNCHED_DESKTOP_FILE', '/usr/share/applications/terminator.desktop'), ('ROS_PYTHON_VERSION', '3'), ('GNOME_SHELL_SESSION_MODE', 'ubuntu'), ('GTK_MODULES', 'gail:atk-bridge'), ('MANAGERPID', '1146'), ('SYSTEMD_EXEC_PID', '1330'), ('DBUS_SESSION_BUS_ADDRESS', 'unix:path=/run/user/1000/bus'), ('COLORTERM', 'truecolor'), ('TERMINATOR_DBUS_NAME', 'net.tenshu.Terminator25ef4b219e3b005583550f2b0f9f990c3'), ('GIO_LAUNCHED_DESKTOP_FILE_PID', '2782'), ('IM_CONFIG_PHASE', '1'), ('WAYLAND_DISPLAY', 'wayland-0'), ('COLCON_PREFIX_PATH', '/home/barakooda/ros2_ws/install'), ('ROS_DISTRO', 'humble'), ('LOGNAME', 'barakooda'), ('JOURNAL_STREAM', '8:20395'), ('_', '/usr/bin/colcon'), ('ROS_VERSION', '2'), ('XDG_SESSION_CLASS', 'user'), ('USERNAME', 'barakooda'), ('TERM', 'xterm-256color'), ('GNOME_DESKTOP_SESSION_ID', 'this-is-deprecated'), ('ROS_LOCALHOST_ONLY', '0'), ('PATH', '/opt/ros/humble/bin:/usr/local/sbin:/usr/local/bin:/usr/sbin:/usr/bin:/sbin:/bin:/usr/games:/usr/local/games:/snap/bin:/snap/bin'), ('SESSION_MANAGER', 'local/vm:@/tmp/.ICE-unix/1278,unix/vm:/tmp/.ICE-unix/1278'), ('INVOCATION_ID', 'd1d016a36b4d4cf9abdf6ec738f02f54'), ('XDG_MENU_PREFIX', 'gnome-'), ('GNOME_SETUP_DISPLAY', ':1'), ('XDG_RUNTIME_DIR', '/run/user/1000'), ('DISPLAY', ':0'), ('TERMINATOR_DBUS_PATH', '/net/tenshu/Terminator2'), ('LANG', 'en_IL.UTF-8'), ('XDG_CURRENT_DESKTOP', 'ubuntu:GNOME'), ('IBUS_DISABLE_SNOOPER', '1'), ('XMODIFIERS', '@im=ibus'), ('XDG_SESSION_DESKTOP', 'ubuntu'), ('XAUTHORITY', '/run/user/1000/.mutter-Xwaylandauth.ZTO4H2'), ('LS_COLORS', 'rs=0:di=01;34:ln=01;36:mh=00:pi=40;33:so=01;35:do=01;35:bd=40;33;01:cd=40;33;01:or=40;31;01:mi=00:su=37;41:sg=30;43:ca=30;41:tw=30;42:ow=34;42:st=37;44:ex=01;32:*.tar=01;31:*.tgz=01;31:*.arc=01;31:*.arj=01;31:*.taz=01;31:*.lha=01;31:*.lz4=01;31:*.lzh=01;31:*.lzma=01;31:*.tlz=01;31:*.txz=01;31:*.tzo=01;31:*.t7z=01;31:*.zip=01;31:*.z=01;31:*.dz=01;31:*.gz=01;31:*.lrz=01;31:*.lz=01;31:*.lzo=01;31:*.xz=01;31:*.zst=01;31:*.tzst=01;31:*.bz2=01;31:*.bz=01;31:*.tbz=01;31:*.tbz2=01;31:*.tz=01;31:*.deb=01;31:*.rpm=01;31:*.jar=01;31:*.war=01;31:*.ear=01;31:*.sar=01;31:*.rar=01;31:*.alz=01;31:*.ace=01;31:*.zoo=01;31:*.cpio=01;31:*.7z=01;31:*.rz=01;31:*.cab=01;31:*.wim=01;31:*.swm=01;31:*.dwm=01;31:*.esd=01;31:*.jpg=01;35:*.jpeg=01;35:*.mjpg=01;35:*.mjpeg=01;35:*.gif=01;35:*.bmp=01;35:*.pbm=01;35:*.pgm=01;35:*.ppm=01;35:*.tga=01;35:*.xbm=01;35:*.xpm=01;35:*.tif=01;35:*.tiff=01;35:*.png=01;35:*.svg=01;35:*.svgz=01;35:*.mng=01;35:*.pcx=01;35:*.mov=01;35:*.mpg=01;35:*.mpeg=01;35:*.m2v=01;35:*.mkv=01;35:*.webm=01;35:*.webp=01;35:*.ogm=01;35:*.mp4=01;35:*.m4v=01;35:*.mp4v=01;35:*.vob=01;35:*.qt=01;35:*.nuv=01;35:*.wmv=01;35:*.asf=01;35:*.rm=01;35:*.rmvb=01;35:*.flc=01;35:*.avi=01;35:*.fli=01;35:*.flv=01;35:*.gl=01;35:*.dl=01;35:*.xcf=01;35:*.xwd=01;35:*.yuv=01;35:*.cgm=01;35:*.emf=01;35:*.ogv=01;35:*.ogx=01;35:*.aac=00;36:*.au=00;36:*.flac=00;36:*.m4a=00;36:*.mid=00;36:*.midi=00;36:*.mka=00;36:*.mp3=00;36:*.mpc=00;36:*.ogg=00;36:*.ra=00;36:*.wav=00;36:*.oga=00;36:*.opus=00;36:*.spx=00;36:*.xspf=00;36:'), ('SSH_AGENT_LAUNCHER', 'gnome-keyring'), ('SSH_AUTH_SOCK', '/run/user/1000/keyring/ssh'), ('AMENT_PREFIX_PATH', '/home/barakooda/ros2_ws/install/my_py_pkg:/home/barakooda/ros2_ws/install/my_cpp_pkg:/opt/ros/humble'), ('SHELL', '/bin/bash'), ('TERMINATOR_UUID', 'urn:uuid:2fd008fc-be68-4f8e-8d4d-3d13d491f4ff'), ('QT_ACCESSIBILITY', '1'), ('GDMSESSION', 'ubuntu'), ('LESSCLOSE', '/usr/bin/lesspipe %s %s'), ('GJS_DEBUG_OUTPUT', 'stderr'), ('QT_IM_MODULE', 'ibus'), ('PWD', '/home/barakooda/ros2_ws/build/my_cpp_pkg'), ('LC_ALL', 'en_IL.UTF-8'), ('XDG_CONFIG_DIRS', '/etc/xdg/xdg-ubuntu:/etc/xdg'), ('XDG_DATA_DIRS', '/usr/share/ubuntu:/usr/local/share/:/usr/share/:/var/lib/snapd/desktop'), ('PYTHONPATH', '/home/barakooda/ros2_ws/build/my_py_pkg:/home/barakooda/ros2_ws/install/my_py_pkg/lib/python3.10/site-packages:/opt/ros/humble/lib/python3.10/site-packages:/opt/ros/humble/local/lib/python3.10/dist-packages'), ('COLCON', '1'), ('VTE_VERSION', '6800'), ('CMAKE_PREFIX_PATH', '/home/barakooda/ros2_ws/install/my_cpp_pkg:/home/barakooda/ros2_ws/install/my_py_pkg:/opt/ros/humble')]), 'shell': False}
[0.099992] (-) TimerEvent: {}
[0.100422] (my_cpp_pkg) StdoutLine: {'line': b'\x1b[35m\x1b[1mConsolidate compiler generated dependencies of target number_publisher\x1b[0m\n'}
[0.115447] (my_cpp_pkg) StdoutLine: {'line': b'[ 50%] Built target smartphone\n'}
[0.116192] (my_cpp_pkg) StdoutLine: {'line': b'[ 50%] Built target robot_news_station\n'}
[0.116488] (my_cpp_pkg) StdoutLine: {'line': b'[ 75%] Built target cpp_node\n'}
[0.122367] (my_cpp_pkg) StdoutLine: {'line': b'[ 87%] \x1b[32mBuilding CXX object CMakeFiles/number_publisher.dir/src/number_publisher.cpp.o\x1b[0m\n'}
[0.201099] (-) TimerEvent: {}
[0.301690] (-) TimerEvent: {}
[0.402474] (-) TimerEvent: {}
[0.502937] (-) TimerEvent: {}
[0.603388] (-) TimerEvent: {}
[0.704772] (-) TimerEvent: {}
[0.805421] (-) TimerEvent: {}
[0.906083] (-) TimerEvent: {}
[1.011486] (-) TimerEvent: {}
[1.112378] (-) TimerEvent: {}
[1.213450] (-) TimerEvent: {}
[1.313731] (-) TimerEvent: {}
[1.414365] (-) TimerEvent: {}
[1.514992] (-) TimerEvent: {}
[1.615725] (-) TimerEvent: {}
[1.717144] (-) TimerEvent: {}
[1.818270] (-) TimerEvent: {}
[1.918908] (-) TimerEvent: {}
[2.019284] (-) TimerEvent: {}
[2.039900] (my_cpp_pkg) StderrLine: {'line': b'\x1b[01m\x1b[K/home/barakooda/ros2_ws/src/my_cpp_pkg/src/number_publisher.cpp:22:5:\x1b[m\x1b[K \x1b[01;31m\x1b[Kerror: \x1b[m\x1b[Knon-static data member declared with placeholder \xe2\x80\x98\x1b[01m\x1b[Kauto\x1b[m\x1b[K\xe2\x80\x99\n'}
[2.040181] (my_cpp_pkg) StderrLine: {'line': b'   22 |     \x1b[01;31m\x1b[Kauto\x1b[m\x1b[K message_ = example_interfaces::msg::Int64();\n'}
[2.040228] (my_cpp_pkg) StderrLine: {'line': b'      |     \x1b[01;31m\x1b[K^~~~\x1b[m\x1b[K\n'}
[2.040267] (my_cpp_pkg) StderrLine: {'line': b'\x1b[01m\x1b[K/home/barakooda/ros2_ws/src/my_cpp_pkg/src/number_publisher.cpp:25:5:\x1b[m\x1b[K \x1b[01;31m\x1b[Kerror: \x1b[m\x1b[KISO C++ forbids declaration of \xe2\x80\x98\x1b[01m\x1b[Kpublish_number\x1b[m\x1b[K\xe2\x80\x99 with no type [\x1b[01;31m\x1b[K\x1b]8;;https://gcc.gnu.org/onlinedocs/gcc/Warning-Options.html#index-fpermissive\x07-fpermissive\x1b]8;;\x07\x1b[m\x1b[K]\n'}
[2.040315] (my_cpp_pkg) StderrLine: {'line': b'   25 |     \x1b[01;31m\x1b[Kpublish_number\x1b[m\x1b[K()\n'}
[2.040353] (my_cpp_pkg) StderrLine: {'line': b'      |     \x1b[01;31m\x1b[K^~~~~~~~~~~~~~\x1b[m\x1b[K\n'}
[2.042472] (my_cpp_pkg) StderrLine: {'line': b'\x1b[01m\x1b[K/home/barakooda/ros2_ws/src/my_cpp_pkg/src/number_publisher.cpp:\x1b[m\x1b[K In constructor \xe2\x80\x98\x1b[01m\x1b[KNumberPublisherNode::NumberPublisherNode()\x1b[m\x1b[K\xe2\x80\x99:\n'}
[2.042604] (my_cpp_pkg) StderrLine: {'line': b'\x1b[01m\x1b[K/home/barakooda/ros2_ws/src/my_cpp_pkg/src/number_publisher.cpp:12:107:\x1b[m\x1b[K \x1b[01;31m\x1b[Kerror: \x1b[m\x1b[K\xe2\x80\x98\x1b[01m\x1b[KpublishNumber\x1b[m\x1b[K\xe2\x80\x99 is not a member of \xe2\x80\x98\x1b[01m\x1b[KNumberPublisherNode\x1b[m\x1b[K\xe2\x80\x99\n'}
[2.042650] (my_cpp_pkg) StderrLine: {'line': b'   12 |         timer_ = this->create_wall_timer(std::chrono::milliseconds(1000), std::bind(&NumberPublisherNode::\x1b[01;31m\x1b[KpublishNumber\x1b[m\x1b[K, this));\n'}
[2.042700] (my_cpp_pkg) StderrLine: {'line': b'      |                                                                                                           \x1b[01;31m\x1b[K^~~~~~~~~~~~~\x1b[m\x1b[K\n'}
[2.047862] (my_cpp_pkg) StderrLine: {'line': b'\x1b[01m\x1b[K/home/barakooda/ros2_ws/src/my_cpp_pkg/src/number_publisher.cpp:13:9:\x1b[m\x1b[K \x1b[01;31m\x1b[Kerror: \x1b[m\x1b[K\xe2\x80\x98\x1b[01m\x1b[Kmessage\x1b[m\x1b[K\xe2\x80\x99 was not declared in this scope; did you mean \xe2\x80\x98\x1b[01m\x1b[Kmessage_\x1b[m\x1b[K\xe2\x80\x99?\n'}
[2.047998] (my_cpp_pkg) StderrLine: {'line': b'   13 |         \x1b[01;31m\x1b[Kmessage\x1b[m\x1b[K.data = 1;\n'}
[2.048037] (my_cpp_pkg) StderrLine: {'line': b'      |         \x1b[01;31m\x1b[K^~~~~~~\x1b[m\x1b[K\n'}
[2.048073] (my_cpp_pkg) StderrLine: {'line': b'      |         \x1b[32m\x1b[Kmessage_\x1b[m\x1b[K\n'}
[2.052394] (my_cpp_pkg) StderrLine: {'line': b'\x1b[01m\x1b[K/home/barakooda/ros2_ws/src/my_cpp_pkg/src/number_publisher.cpp:\x1b[m\x1b[K In member function \xe2\x80\x98\x1b[01m\x1b[Kint NumberPublisherNode::publish_number()\x1b[m\x1b[K\xe2\x80\x99:\n'}
[2.052503] (my_cpp_pkg) StderrLine: {'line': b'\x1b[01m\x1b[K/home/barakooda/ros2_ws/src/my_cpp_pkg/src/number_publisher.cpp:27:29:\x1b[m\x1b[K \x1b[01;31m\x1b[Kerror: \x1b[m\x1b[K\xe2\x80\x98\x1b[01m\x1b[Kmessage\x1b[m\x1b[K\xe2\x80\x99 was not declared in this scope; did you mean \xe2\x80\x98\x1b[01m\x1b[Kmessage_\x1b[m\x1b[K\xe2\x80\x99?\n'}
[2.052541] (my_cpp_pkg) StderrLine: {'line': b'   27 |         publisher_->publish(\x1b[01;31m\x1b[Kmessage\x1b[m\x1b[K);\n'}
[2.052577] (my_cpp_pkg) StderrLine: {'line': b'      |                             \x1b[01;31m\x1b[K^~~~~~~\x1b[m\x1b[K\n'}
[2.052612] (my_cpp_pkg) StderrLine: {'line': b'      |                             \x1b[32m\x1b[Kmessage_\x1b[m\x1b[K\n'}
[2.052659] (my_cpp_pkg) StderrLine: {'line': b'\x1b[01m\x1b[K/home/barakooda/ros2_ws/src/my_cpp_pkg/src/number_publisher.cpp:28:5:\x1b[m\x1b[K \x1b[01;35m\x1b[Kwarning: \x1b[m\x1b[Kno return statement in function returning non-void [\x1b[01;35m\x1b[K\x1b]8;;https://gcc.gnu.org/onlinedocs/gcc/Warning-Options.html#index-Wreturn-type\x07-Wreturn-type\x1b]8;;\x07\x1b[m\x1b[K]\n'}
[2.052697] (my_cpp_pkg) StderrLine: {'line': b'   28 |     \x1b[01;35m\x1b[K}\x1b[m\x1b[K\n'}
[2.052737] (my_cpp_pkg) StderrLine: {'line': b'      |     \x1b[01;35m\x1b[K^\x1b[m\x1b[K\n'}
[2.120749] (-) TimerEvent: {}
[2.221669] (-) TimerEvent: {}
[2.325284] (-) TimerEvent: {}
[2.425964] (-) TimerEvent: {}
[2.526779] (-) TimerEvent: {}
[2.627931] (-) TimerEvent: {}
[2.701716] (my_cpp_pkg) StderrLine: {'line': b'gmake[2]: *** [CMakeFiles/number_publisher.dir/build.make:76: CMakeFiles/number_publisher.dir/src/number_publisher.cpp.o] Error 1\n'}
[2.702108] (my_cpp_pkg) StderrLine: {'line': b'gmake[1]: *** [CMakeFiles/Makefile2:221: CMakeFiles/number_publisher.dir/all] Error 2\n'}
[2.702230] (my_cpp_pkg) StderrLine: {'line': b'gmake: *** [Makefile:146: all] Error 2\n'}
[2.703713] (my_cpp_pkg) CommandEnded: {'returncode': 2}
[2.728134] (-) TimerEvent: {}
[2.776274] (my_cpp_pkg) JobEnded: {'identifier': 'my_cpp_pkg', 'rc': 2}
[2.788066] (-) EventReactorShutdown: {}
