[0.051s] Invoking command in '/home/barakooda/ros2_ws/build/my_cpp_pkg': CMAKE_PREFIX_PATH=${CMAKE_PREFIX_PATH}:/home/barakooda/ros2_ws/install/my_py_pkg:/opt/ros/humble /usr/bin/cmake --build /home/barakooda/ros2_ws/build/my_cpp_pkg -- -j8 -l8
[0.096s] [ 27%] Built target robot_news_station
[0.096s] [ 27%] Built target add_two_ints_server
[0.097s] [ 44%] Built target add_two_ints_client_no_opp
[0.097s] [ 44%] Built target number_publisher
[0.098s] [ 55%] Built target smartphone
[0.100s] [ 66%] Built target cpp_node
[0.105s] [ 77%] Built target number_counter
[0.105s] [ 88%] Built target add_two_ints_client
[0.114s] [ 94%] [32mBuilding CXX object CMakeFiles/hw_status_publisher.dir/src/hw_status_publisher.cpp.o[0m
[0.255s] [01m[K/home/barakooda/ros2_ws/src/my_cpp_pkg/src/hw_status_publisher.cpp:2:10:[m[K [01;31m[Kfatal error: [m[Kmy_robot_interfaces/msg/hw_status.hpp: No such file or directory
[0.255s]     2 | #include [01;31m[K"my_robot_interfaces/msg/hw_status.hpp"[m[K // ADD MISSING INCLUDE
[0.255s]       |          [01;31m[K^~~~~~~~~~~~~~~~~~~~~~~~~~~~~~~~~~~~~~~[m[K
[0.255s] compilation terminated.
[0.258s] gmake[2]: *** [CMakeFiles/hw_status_publisher.dir/build.make:76: CMakeFiles/hw_status_publisher.dir/src/hw_status_publisher.cpp.o] Error 1
[0.258s] gmake[1]: *** [CMakeFiles/Makefile2:361: CMakeFiles/hw_status_publisher.dir/all] Error 2
[0.258s] gmake: *** [Makefile:146: all] Error 2
[0.261s] Invoked command in '/home/barakooda/ros2_ws/build/my_cpp_pkg' returned '2': CMAKE_PREFIX_PATH=${CMAKE_PREFIX_PATH}:/home/barakooda/ros2_ws/install/my_py_pkg:/opt/ros/humble /usr/bin/cmake --build /home/barakooda/ros2_ws/build/my_cpp_pkg -- -j8 -l8
