[0.041s] Invoking command in '/home/barakooda/ros2_ws/build/my_cpp_pkg': CMAKE_PREFIX_PATH=${CMAKE_PREFIX_PATH}:/home/barakooda/ros2_ws/install/my_py_pkg:/opt/ros/humble /usr/bin/cmake --build /home/barakooda/ros2_ws/build/my_cpp_pkg -- -j8 -l8
[0.058s] -- Found ament_cmake: 1.3.7 (/opt/ros/humble/share/ament_cmake/cmake)
[0.161s] -- Found rclcpp: 16.0.8 (/opt/ros/humble/share/rclcpp/cmake)
[0.179s] -- Found rosidl_generator_c: 3.1.5 (/opt/ros/humble/share/rosidl_generator_c/cmake)
[0.180s] -- Found rosidl_adapter: 3.1.5 (/opt/ros/humble/share/rosidl_adapter/cmake)
[0.184s] -- Found rosidl_generator_cpp: 3.1.5 (/opt/ros/humble/share/rosidl_generator_cpp/cmake)
[0.191s] -- Using all available rosidl_typesupport_c: rosidl_typesupport_fastrtps_c;rosidl_typesupport_introspection_c
[0.201s] -- Using all available rosidl_typesupport_cpp: rosidl_typesupport_fastrtps_cpp;rosidl_typesupport_introspection_cpp
[0.238s] -- Found rmw_implementation_cmake: 6.1.1 (/opt/ros/humble/share/rmw_implementation_cmake/cmake)
[0.239s] -- Found rmw_fastrtps_cpp: 6.2.6 (/opt/ros/humble/share/rmw_fastrtps_cpp/cmake)
[0.317s] -- Using RMW implementation 'rmw_fastrtps_cpp' as default
[0.421s] -- Found example_interfaces: 0.9.3 (/opt/ros/humble/share/example_interfaces/cmake)
[0.513s] -- Found my_robot_interfaces: 0.0.0 (/home/barakooda/ros2_ws/install/my_robot_interfaces/share/my_robot_interfaces/cmake)
[0.580s] -- Configuring done
[0.604s] -- Generating done
[0.606s] -- Build files have been written to: /home/barakooda/ros2_ws/build/my_cpp_pkg
[0.628s] [35m[1mConsolidate compiler generated dependencies of target number_publisher[0m
[0.628s] [35m[1mConsolidate compiler generated dependencies of target smartphone[0m
[0.628s] [35m[1mConsolidate compiler generated dependencies of target add_two_ints_client_no_opp[0m
[0.628s] [35m[1mConsolidate compiler generated dependencies of target add_two_ints_client[0m
[0.628s] [35m[1mConsolidate compiler generated dependencies of target cpp_node[0m
[0.630s] [35m[1mConsolidate compiler generated dependencies of target add_two_ints_server[0m
[0.634s] [35m[1mConsolidate compiler generated dependencies of target robot_news_station[0m
[0.637s] [35m[1mConsolidate compiler generated dependencies of target number_counter[0m
[0.649s] [ 11%] Built target cpp_node
[0.649s] [ 22%] Built target number_publisher
[0.650s] [ 33%] Built target smartphone
[0.651s] [ 44%] Built target add_two_ints_client
[0.654s] [ 55%] Built target add_two_ints_server
[0.655s] [ 66%] Built target number_counter
[0.656s] [ 77%] Built target add_two_ints_client_no_opp
[0.659s] [ 88%] Built target robot_news_station
[0.668s] [ 94%] [32mBuilding CXX object CMakeFiles/hw_status_publisher.dir/src/hw_status_publisher.cpp.o[0m
[0.686s] [100%] [32m[1mLinking CXX executable hw_status_publisher[0m
[0.726s] /usr/bin/ld: /usr/lib/gcc/x86_64-linux-gnu/11/../../../x86_64-linux-gnu/Scrt1.o: in function `_start':
[0.726s] (.text+0x1b): undefined reference to `main'
[0.727s] collect2: error: ld returned 1 exit status
[0.728s] gmake[2]: *** [CMakeFiles/hw_status_publisher.dir/build.make:159: hw_status_publisher] Error 1
[0.729s] gmake[1]: *** [CMakeFiles/Makefile2:361: CMakeFiles/hw_status_publisher.dir/all] Error 2
[0.729s] gmake: *** [Makefile:146: all] Error 2
[0.732s] Invoked command in '/home/barakooda/ros2_ws/build/my_cpp_pkg' returned '2': CMAKE_PREFIX_PATH=${CMAKE_PREFIX_PATH}:/home/barakooda/ros2_ws/install/my_py_pkg:/opt/ros/humble /usr/bin/cmake --build /home/barakooda/ros2_ws/build/my_cpp_pkg -- -j8 -l8
