-- Found ament_cmake: 1.3.7 (/opt/ros/humble/share/ament_cmake/cmake)
-- Found rclcpp: 16.0.8 (/opt/ros/humble/share/rclcpp/cmake)
-- Found rosidl_generator_c: 3.1.5 (/opt/ros/humble/share/rosidl_generator_c/cmake)
-- Found rosidl_adapter: 3.1.5 (/opt/ros/humble/share/rosidl_adapter/cmake)
-- Found rosidl_generator_cpp: 3.1.5 (/opt/ros/humble/share/rosidl_generator_cpp/cmake)
-- Using all available rosidl_typesupport_c: rosidl_typesupport_fastrtps_c;rosidl_typesupport_introspection_c
-- Using all available rosidl_typesupport_cpp: rosidl_typesupport_fastrtps_cpp;rosidl_typesupport_introspection_cpp
-- Found rmw_implementation_cmake: 6.1.1 (/opt/ros/humble/share/rmw_implementation_cmake/cmake)
-- Found rmw_fastrtps_cpp: 6.2.6 (/opt/ros/humble/share/rmw_fastrtps_cpp/cmake)
-- Using RMW implementation 'rmw_fastrtps_cpp' as default
-- Found example_interfaces: 0.9.3 (/opt/ros/humble/share/example_interfaces/cmake)
-- Configuring done
-- Generating done
-- Build files have been written to: /home/barakooda/ros2_ws/build/my_cpp_pkg
[35m[1mConsolidate compiler generated dependencies of target smartphone[0m
[35m[1mConsolidate compiler generated dependencies of target robot_news_station[0m
[35m[1mConsolidate compiler generated dependencies of target cpp_node[0m
[ 12%] [32mBuilding CXX object CMakeFiles/number_publisher.dir/src/number_publisher.cpp.o[0m
[ 37%] Built target smartphone
[ 62%] Built target robot_news_station
[ 87%] Built target cpp_node
[01m[K/home/barakooda/ros2_ws/src/my_cpp_pkg/src/number_publisher.cpp:22:5:[m[K [01;31m[Kerror: [m[Knon-static data member declared with placeholder â€˜[01m[Kauto[m[Kâ€™
   22 |     [01;31m[Kauto[m[K message_ = example_interfaces::msg::Int64();
      |     [01;31m[K^~~~[m[K
[01m[K/home/barakooda/ros2_ws/src/my_cpp_pkg/src/number_publisher.cpp:25:5:[m[K [01;31m[Kerror: [m[KISO C++ forbids declaration of â€˜[01m[Kpublish_number[m[Kâ€™ with no type [[01;31m[K]8;;https://gcc.gnu.org/onlinedocs/gcc/Warning-Options.html#index-fpermissive-fpermissive]8;;[m[K]
   25 |     [01;31m[Kpublish_number[m[K()
      |     [01;31m[K^~~~~~~~~~~~~~[m[K
[01m[K/home/barakooda/ros2_ws/src/my_cpp_pkg/src/number_publisher.cpp:[m[K In constructor â€˜[01m[KNumberPublisherNode::NumberPublisherNode()[m[Kâ€™:
[01m[K/home/barakooda/ros2_ws/src/my_cpp_pkg/src/number_publisher.cpp:12:107:[m[K [01;31m[Kerror: [m[Kâ€˜[01m[KpublishNumber[m[Kâ€™ is not a member of â€˜[01m[KNumberPublisherNode[m[Kâ€™
   12 |         timer_ = this->create_wall_timer(std::chrono::milliseconds(1000), std::bind(&NumberPublisherNode::[01;31m[KpublishNumber[m[K, this));
      |                                                                                                           [01;31m[K^~~~~~~~~~~~~[m[K
[01m[K/home/barakooda/ros2_ws/src/my_cpp_pkg/src/number_publisher.cpp:13:9:[m[K [01;31m[Kerror: [m[Kâ€˜[01m[Kmessage[m[Kâ€™ was not declared in this scope; did you mean â€˜[01m[Kmessage_[m[Kâ€™?
   13 |         [01;31m[Kmessage[m[K.data = 1;
      |         [01;31m[K^~~~~~~[m[K
      |         [32m[Kmessage_[m[K
[01m[K/home/barakooda/ros2_ws/src/my_cpp_pkg/src/number_publisher.cpp:[m[K In member function â€˜[01m[Kint NumberPublisherNode::publish_number()[m[Kâ€™:
[01m[K/home/barakooda/ros2_ws/src/my_cpp_pkg/src/number_publisher.cpp:27:29:[m[K [01;31m[Kerror: [m[Kâ€˜[01m[Kmessage[m[Kâ€™ was not declared in this scope; did you mean â€˜[01m[Kmessage_[m[Kâ€™?
   27 |         publisher_->publish([01;31m[Kmessage[m[K);
      |                             [01;31m[K^~~~~~~[m[K
      |                             [32m[Kmessage_[m[K
[01m[K/home/barakooda/ros2_ws/src/my_cpp_pkg/src/number_publisher.cpp:28:5:[m[K [01;35m[Kwarning: [m[Kno return statement in function returning non-void [[01;35m[K]8;;https://gcc.gnu.org/onlinedocs/gcc/Warning-Options.html#index-Wreturn-type-Wreturn-type]8;;[m[K]
   28 |     [01;35m[K}[m[K
      |     [01;35m[K^[m[K
gmake[2]: *** [CMakeFiles/number_publisher.dir/build.make:76: CMakeFiles/number_publisher.dir/src/number_publisher.cpp.o] Error 1
gmake[1]: *** [CMakeFiles/Makefile2:221: CMakeFiles/number_publisher.dir/all] Error 2
gmake: *** [Makefile:146: all] Error 2
