[0.051s] Invoking command in '/home/barakooda/ros2_ws/build/my_cpp_pkg': CMAKE_PREFIX_PATH=${CMAKE_PREFIX_PATH}:/home/barakooda/ros2_ws/install/my_py_pkg:/opt/ros/humble /usr/bin/cmake --build /home/barakooda/ros2_ws/build/my_cpp_pkg -- -j8 -l8
[0.079s] -- Found ament_cmake: 1.3.7 (/opt/ros/humble/share/ament_cmake/cmake)
[0.221s] -- Found rclcpp: 16.0.8 (/opt/ros/humble/share/rclcpp/cmake)
[0.257s] -- Found rosidl_generator_c: 3.1.5 (/opt/ros/humble/share/rosidl_generator_c/cmake)
[0.259s] -- Found rosidl_adapter: 3.1.5 (/opt/ros/humble/share/rosidl_adapter/cmake)
[0.263s] -- Found rosidl_generator_cpp: 3.1.5 (/opt/ros/humble/share/rosidl_generator_cpp/cmake)
[0.272s] -- Using all available rosidl_typesupport_c: rosidl_typesupport_fastrtps_c;rosidl_typesupport_introspection_c
[0.284s] -- Using all available rosidl_typesupport_cpp: rosidl_typesupport_fastrtps_cpp;rosidl_typesupport_introspection_cpp
[0.327s] -- Found rmw_implementation_cmake: 6.1.1 (/opt/ros/humble/share/rmw_implementation_cmake/cmake)
[0.328s] -- Found rmw_fastrtps_cpp: 6.2.6 (/opt/ros/humble/share/rmw_fastrtps_cpp/cmake)
[0.430s] -- Using RMW implementation 'rmw_fastrtps_cpp' as default
[0.555s] -- Found example_interfaces: 0.9.3 (/opt/ros/humble/share/example_interfaces/cmake)
[0.717s] -- Configuring done
[0.745s] -- Generating done
[0.749s] -- Build files have been written to: /home/barakooda/ros2_ws/build/my_cpp_pkg
[0.773s] [35m[1mConsolidate compiler generated dependencies of target smartphone[0m
[0.773s] [35m[1mConsolidate compiler generated dependencies of target robot_news_station[0m
[0.773s] [35m[1mConsolidate compiler generated dependencies of target cpp_node[0m
[0.781s] [ 12%] [32mBuilding CXX object CMakeFiles/number_publisher.dir/src/number_publisher.cpp.o[0m
[0.790s] [ 37%] Built target smartphone
[0.790s] [ 62%] Built target robot_news_station
[0.796s] [ 87%] Built target cpp_node
[2.693s] [01m[K/home/barakooda/ros2_ws/src/my_cpp_pkg/src/number_publisher.cpp:22:5:[m[K [01;31m[Kerror: [m[Knon-static data member declared with placeholder â€˜[01m[Kauto[m[Kâ€™
[2.693s]    22 |     [01;31m[Kauto[m[K message_ = example_interfaces::msg::Int64();
[2.693s]       |     [01;31m[K^~~~[m[K
[2.694s] [01m[K/home/barakooda/ros2_ws/src/my_cpp_pkg/src/number_publisher.cpp:25:5:[m[K [01;31m[Kerror: [m[KISO C++ forbids declaration of â€˜[01m[Kpublish_number[m[Kâ€™ with no type [[01;31m[K]8;;https://gcc.gnu.org/onlinedocs/gcc/Warning-Options.html#index-fpermissive-fpermissive]8;;[m[K]
[2.694s]    25 |     [01;31m[Kpublish_number[m[K()
[2.694s]       |     [01;31m[K^~~~~~~~~~~~~~[m[K
[2.695s] [01m[K/home/barakooda/ros2_ws/src/my_cpp_pkg/src/number_publisher.cpp:[m[K In constructor â€˜[01m[KNumberPublisherNode::NumberPublisherNode()[m[Kâ€™:
[2.696s] [01m[K/home/barakooda/ros2_ws/src/my_cpp_pkg/src/number_publisher.cpp:12:107:[m[K [01;31m[Kerror: [m[Kâ€˜[01m[KpublishNumber[m[Kâ€™ is not a member of â€˜[01m[KNumberPublisherNode[m[Kâ€™
[2.697s]    12 |         timer_ = this->create_wall_timer(std::chrono::milliseconds(1000), std::bind(&NumberPublisherNode::[01;31m[KpublishNumber[m[K, this));
[2.697s]       |                                                                                                           [01;31m[K^~~~~~~~~~~~~[m[K
[2.700s] [01m[K/home/barakooda/ros2_ws/src/my_cpp_pkg/src/number_publisher.cpp:13:9:[m[K [01;31m[Kerror: [m[Kâ€˜[01m[Kmessage[m[Kâ€™ was not declared in this scope; did you mean â€˜[01m[Kmessage_[m[Kâ€™?
[2.700s]    13 |         [01;31m[Kmessage[m[K.data = 1;
[2.700s]       |         [01;31m[K^~~~~~~[m[K
[2.700s]       |         [32m[Kmessage_[m[K
[2.705s] [01m[K/home/barakooda/ros2_ws/src/my_cpp_pkg/src/number_publisher.cpp:[m[K In member function â€˜[01m[Kint NumberPublisherNode::publish_number()[m[Kâ€™:
[2.705s] [01m[K/home/barakooda/ros2_ws/src/my_cpp_pkg/src/number_publisher.cpp:27:29:[m[K [01;31m[Kerror: [m[Kâ€˜[01m[Kmessage[m[Kâ€™ was not declared in this scope; did you mean â€˜[01m[Kmessage_[m[Kâ€™?
[2.705s]    27 |         publisher_->publish([01;31m[Kmessage[m[K);
[2.705s]       |                             [01;31m[K^~~~~~~[m[K
[2.705s]       |                             [32m[Kmessage_[m[K
[2.705s] [01m[K/home/barakooda/ros2_ws/src/my_cpp_pkg/src/number_publisher.cpp:28:5:[m[K [01;35m[Kwarning: [m[Kno return statement in function returning non-void [[01;35m[K]8;;https://gcc.gnu.org/onlinedocs/gcc/Warning-Options.html#index-Wreturn-type-Wreturn-type]8;;[m[K]
[2.705s]    28 |     [01;35m[K}[m[K
[2.705s]       |     [01;35m[K^[m[K
[3.299s] gmake[2]: *** [CMakeFiles/number_publisher.dir/build.make:76: CMakeFiles/number_publisher.dir/src/number_publisher.cpp.o] Error 1
[3.299s] gmake[1]: *** [CMakeFiles/Makefile2:221: CMakeFiles/number_publisher.dir/all] Error 2
[3.299s] gmake: *** [Makefile:146: all] Error 2
[3.301s] Invoked command in '/home/barakooda/ros2_ws/build/my_cpp_pkg' returned '2': CMAKE_PREFIX_PATH=${CMAKE_PREFIX_PATH}:/home/barakooda/ros2_ws/install/my_py_pkg:/opt/ros/humble /usr/bin/cmake --build /home/barakooda/ros2_ws/build/my_cpp_pkg -- -j8 -l8
