[0.045s] Invoking command in '/home/barakooda/ros2_ws/build/my_cpp_pkg': CMAKE_PREFIX_PATH=${CMAKE_PREFIX_PATH}:/home/barakooda/ros2_ws/install/my_py_pkg:/opt/ros/humble /usr/bin/cmake --build /home/barakooda/ros2_ws/build/my_cpp_pkg -- -j8 -l8
[0.088s] [ 11%] Built target number_publisher
[0.088s] [ 22%] Built target cpp_node
[0.089s] [ 33%] Built target robot_news_station
[0.091s] [ 44%] Built target number_counter
[0.092s] [ 55%] Built target add_two_ints_server
[0.092s] [ 77%] Built target add_two_ints_client_no_opp
[0.093s] [ 77%] Built target smartphone
[0.096s] [35m[1mConsolidate compiler generated dependencies of target hardware_status_publisher[0m
[0.098s] [ 88%] Built target add_two_ints_client
[0.104s] [ 94%] [32m[1mLinking CXX executable hardware_status_publisher[0m
[0.140s] /usr/bin/ld: /usr/lib/gcc/x86_64-linux-gnu/11/../../../x86_64-linux-gnu/Scrt1.o: in function `_start':
[0.141s] (.text+0x1b): undefined reference to `main'
[0.142s] collect2: error: ld returned 1 exit status
[0.144s] gmake[2]: *** [CMakeFiles/hardware_status_publisher.dir/build.make:159: hardware_status_publisher] Error 1
[0.144s] gmake[1]: *** [CMakeFiles/Makefile2:361: CMakeFiles/hardware_status_publisher.dir/all] Error 2
[0.144s] gmake: *** [Makefile:146: all] Error 2
[0.155s] Invoked command in '/home/barakooda/ros2_ws/build/my_cpp_pkg' returned '2': CMAKE_PREFIX_PATH=${CMAKE_PREFIX_PATH}:/home/barakooda/ros2_ws/install/my_py_pkg:/opt/ros/humble /usr/bin/cmake --build /home/barakooda/ros2_ws/build/my_cpp_pkg -- -j8 -l8
